#
# There is insufficient memory for the Java Runtime Environment to continue.
# Native memory allocation (malloc) failed to allocate 159907840 bytes for committing reserved memory.
# Possible reasons:
#   The system is out of physical RAM or swap space
#   In 32 bit mode, the process size limit was hit
# Possible solutions:
#   Reduce memory load on the system
#   Increase physical memory or swap space
#   Check if swap backing store is full
#   Use 64 bit Java on a 64 bit OS
#   Decrease Java heap size (-Xmx/-Xms)
#   Decrease number of Java threads
#   Decrease Java thread stack sizes (-Xss)
#   Set larger code cache with -XX:ReservedCodeCacheSize=
# This output file may be truncated or incomplete.
#
#  Out of Memory Error (os_linux.cpp:2798), pid=26284, tid=1742531392
#
# JRE version: OpenJDK Runtime Environment (7.0_65-b32) (build 1.7.0_65-b32)
# Java VM: OpenJDK Server VM (24.65-b04 mixed mode linux-x86 )
# Failed to write core dump. Core dumps have been disabled. To enable core dumping, try "ulimit -c unlimited" before starting Java again
#

---------------  T H R E A D  ---------------

Current thread (0x67c81000):  VMThread [stack: 0x67d4e000,0x67dcf000] [id=26335]

Stack: [0x67d4e000,0x67dcf000]
VM_Operation (0xb65c1928): ParallelGCFailedAllocation, mode: safepoint, requested by thread 0xb6407800


---------------  P R O C E S S  ---------------

Java Threads: ( => current thread )
  0x67c9c800 JavaThread "Service Thread" daemon [_thread_blocked, id=26354, stack(0x675ad000,0x675fe000)]
  0x67c9ac00 JavaThread "C2 CompilerThread1" daemon [_thread_blocked, id=26353, stack(0x675fe000,0x6767f000)]
  0x67c98c00 JavaThread "C2 CompilerThread0" daemon [_thread_blocked, id=26352, stack(0x6767f000,0x67700000)]
  0x67c97000 JavaThread "Signal Dispatcher" daemon [_thread_blocked, id=26351, stack(0x67b0d000,0x67b5e000)]
  0x67c85400 JavaThread "Finalizer" daemon [_thread_blocked, id=26340, stack(0x67b5e000,0x67baf000)]
  0x67c83c00 JavaThread "Reference Handler" daemon [_thread_blocked, id=26338, stack(0x67baf000,0x67c00000)]
  0xb6407800 JavaThread "main" [_thread_blocked, id=26315, stack(0xb6572000,0xb65c3000)]

Other Threads:
=>0x67c81000 VMThread [stack: 0x67d4e000,0x67dcf000] [id=26335]
  0x67c9e400 WatcherThread [stack: 0x6752c000,0x675ad000] [id=26355]

VM state:at safepoint (normal execution)

VM Mutex/Monitor currently owned by a thread:  ([mutex/lock_event])
[0xb64050e0] Threads_lock - owner thread: 0x67c81000
[0xb64054f0] Heap_lock - owner thread: 0xb6407800

Heap
 PSYoungGen      total 149504K, used 15859K [0x9dd80000, 0xa8080000, 0xb3300000)
  eden space 133632K, 0% used [0x9dd80000,0x9dd80000,0xa6000000)
  from space 15872K, 99% used [0xa6000000,0xa6f7ce40,0xa6f80000)
  to   space 14336K, 0% used [0xa6f80000,0xa6f80000,0xa7d80000)
 ParOldGen       total 46336K, used 46264K [0x73300000, 0x76040000, 0x9dd80000)
  object space 46336K, 99% used [0x73300000,0x7602e0b0,0x76040000)
 PSPermGen       total 16384K, used 3935K [0x6b300000, 0x6c300000, 0x73300000)
  object space 16384K, 24% used [0x6b300000,0x6b6d7c00,0x6c300000)

Card table byte_map: [0x6b0bf000,0x6b300000] byte_map_base: 0x6ad65800

Polling page: 0xb776d000

Code Cache  [0xb33e7000, 0xb367f000, 0xb63e7000)
 total_blobs=834 nmethods=715 adapters=73 free_code_cache=46529Kb largest_free_block=47618560

Compilation events (10 events):
Event: 17.506 Thread 0x67c9ac00 nmethod 734 0xb36747c8 code [0xb36748e0, 0xb3674b70]
Event: 17.533 Thread 0x67c98c00 nmethod 735 0xb3677cc8 code [0xb3677f40, 0xb3678830]
Event: 17.559 Thread 0x67c9ac00  736             com.android.dx.cf.code.OneLocalsArray::makeInitialized (55 bytes)
Event: 17.563 Thread 0x67c98c00  737             java.util.TreeMap::size (5 bytes)
Event: 17.563 Thread 0x67c98c00 nmethod 737 0xb36745c8 code [0xb36746a0, 0xb36746f0]
Event: 17.565 Thread 0x67c9ac00 nmethod 736 0xb35d65c8 code [0xb35d66e0, 0xb35d6950]
Event: 17.583 Thread 0x67c98c00  738             com.android.dx.util.Hex::u2 (44 bytes)
Event: 17.587 Thread 0x67c98c00 nmethod 738 0xb3679b08 code [0xb3679c00, 0xb3679e10]
Event: 17.588 Thread 0x67c9ac00  739             com.android.dx.rop.code.RegisterSpecSet::<init> (27 bytes)
Event: 17.590 Thread 0x67c9ac00 nmethod 739 0xb3673f88 code [0xb3674080, 0xb3674170]

GC Heap History (10 events):
Event: 3.504 GC heap after
Heap after GC invocations=2 (full 0):
 PSYoungGen      total 36352K, used 2554K [0x9dd80000, 0xa0380000, 0xb3300000)
  eden space 33792K, 0% used [0x9dd80000,0x9dd80000,0x9fe80000)
  from space 2560K, 99% used [0xa0100000,0xa037eae0,0xa0380000)
  to   space 2560K, 0% used [0x9fe80000,0x9fe80000,0xa0100000)
 ParOldGen       total 43520K, used 4665K [0x73300000, 0x75d80000, 0x9dd80000)
  object space 43520K, 10% used [0x73300000,0x7378e580,0x75d80000)
 PSPermGen       total 16384K, used 3795K [0x6b300000, 0x6c300000, 0x73300000)
  object space 16384K, 23% used [0x6b300000,0x6b6b4c00,0x6c300000)
}
Event: 6.753 GC heap before
{Heap before GC invocations=3 (full 0):
 PSYoungGen      total 36352K, used 36346K [0x9dd80000, 0xa0380000, 0xb3300000)
  eden space 33792K, 100% used [0x9dd80000,0x9fe80000,0x9fe80000)
  from space 2560K, 99% used [0xa0100000,0xa037eae0,0xa0380000)
  to   space 2560K, 0% used [0x9fe80000,0x9fe80000,0xa0100000)
 ParOldGen       total 43520K, used 4665K [0x73300000, 0x75d80000, 0x9dd80000)
  object space 43520K, 10% used [0x73300000,0x7378e580,0x75d80000)
 PSPermGen       total 16384K, used 3840K [0x6b300000, 0x6c300000, 0x73300000)
  object space 16384K, 23% used [0x6b300000,0x6b6c01b8,0x6c300000)
Event: 6.817 GC heap after
Heap after GC invocations=3 (full 0):
 PSYoungGen      total 36352K, used 2553K [0x9dd80000, 0xa2480000, 0xb3300000)
  eden space 33792K, 0% used [0x9dd80000,0x9dd80000,0x9fe80000)
  from space 2560K, 99% used [0x9fe80000,0xa00fe618,0xa0100000)
  to   space 2560K, 0% used [0xa2200000,0xa2200000,0xa2480000)
 ParOldGen       total 43520K, used 10333K [0x73300000, 0x75d80000, 0x9dd80000)
  object space 43520K, 23% used [0x73300000,0x73d17550,0x75d80000)
 PSPermGen       total 16384K, used 3840K [0x6b300000, 0x6c300000, 0x73300000)
  object space 16384K, 23% used [0x6b300000,0x6b6c01b8,0x6c300000)
}
Event: 10.106 GC heap before
{Heap before GC invocations=4 (full 0):
 PSYoungGen      total 36352K, used 36345K [0x9dd80000, 0xa2480000, 0xb3300000)
  eden space 33792K, 100% used [0x9dd80000,0x9fe80000,0x9fe80000)
  from space 2560K, 99% used [0x9fe80000,0xa00fe618,0xa0100000)
  to   space 2560K, 0% used [0xa2200000,0xa2200000,0xa2480000)
 ParOldGen       total 43520K, used 10333K [0x73300000, 0x75d80000, 0x9dd80000)
  object space 43520K, 23% used [0x73300000,0x73d17550,0x75d80000)
 PSPermGen       total 16384K, used 3855K [0x6b300000, 0x6c300000, 0x73300000)
  object space 16384K, 23% used [0x6b300000,0x6b6c3f08,0x6c300000)
Event: 10.206 GC heap after
Heap after GC invocations=4 (full 0):
 PSYoungGen      total 70144K, used 2546K [0x9dd80000, 0xa2480000, 0xb3300000)
  eden space 67584K, 0% used [0x9dd80000,0x9dd80000,0xa1f80000)
  from space 2560K, 99% used [0xa2200000,0xa247cab8,0xa2480000)
  to   space 2560K, 0% used [0xa1f80000,0xa1f80000,0xa2200000)
 ParOldGen       total 43520K, used 16280K [0x73300000, 0x75d80000, 0x9dd80000)
  object space 43520K, 37% used [0x73300000,0x742e63f0,0x75d80000)
 PSPermGen       total 16384K, used 3855K [0x6b300000, 0x6c300000, 0x73300000)
  object space 16384K, 23% used [0x6b300000,0x6b6c3f08,0x6c300000)
}
Event: 13.790 GC heap before
{Heap before GC invocations=5 (full 0):
 PSYoungGen      total 70144K, used 70130K [0x9dd80000, 0xa2480000, 0xb3300000)
  eden space 67584K, 100% used [0x9dd80000,0xa1f80000,0xa1f80000)
  from space 2560K, 99% used [0xa2200000,0xa247cab8,0xa2480000)
  to   space 2560K, 0% used [0xa1f80000,0xa1f80000,0xa2200000)
 ParOldGen       total 43520K, used 16280K [0x73300000, 0x75d80000, 0x9dd80000)
  object space 43520K, 37% used [0x73300000,0x742e63f0,0x75d80000)
 PSPermGen       total 16384K, used 3885K [0x6b300000, 0x6c300000, 0x73300000)
  object space 16384K, 23% used [0x6b300000,0x6b6cb418,0x6c300000)
Event: 13.961 GC heap after
Heap after GC invocations=5 (full 0):
 PSYoungGen      total 70144K, used 2555K [0x9dd80000, 0xa7d80000, 0xb3300000)
  eden space 67584K, 0% used [0x9dd80000,0x9dd80000,0xa1f80000)
  from space 2560K, 99% used [0xa1f80000,0xa21fee68,0xa2200000)
  to   space 14336K, 0% used [0xa6f80000,0xa6f80000,0xa7d80000)
 ParOldGen       total 43520K, used 27265K [0x73300000, 0x75d80000, 0x9dd80000)
  object space 43520K, 62% used [0x73300000,0x74da0710,0x75d80000)
 PSPermGen       total 16384K, used 3885K [0x6b300000, 0x6c300000, 0x73300000)
  object space 16384K, 23% used [0x6b300000,0x6b6cb418,0x6c300000)
}
Event: 15.713 GC heap before
{Heap before GC invocations=6 (full 0):
 PSYoungGen      total 70144K, used 70139K [0x9dd80000, 0xa7d80000, 0xb3300000)
  eden space 67584K, 100% used [0x9dd80000,0xa1f80000,0xa1f80000)
  from space 2560K, 99% used [0xa1f80000,0xa21fee68,0xa2200000)
  to   space 14336K, 0% used [0xa6f80000,0xa6f80000,0xa7d80000)
 ParOldGen       total 43520K, used 27265K [0x73300000, 0x75d80000, 0x9dd80000)
  object space 43520K, 62% used [0x73300000,0x74da0710,0x75d80000)
 PSPermGen       total 16384K, used 3901K [0x6b300000, 0x6c300000, 0x73300000)
  object space 16384K, 23% used [0x6b300000,0x6b6cf7c0,0x6c300000)
Event: 15.847 GC heap after
Heap after GC invocations=6 (full 0):
 PSYoungGen      total 147968K, used 12500K [0x9dd80000, 0xa8080000, 0xb3300000)
  eden space 133632K, 0% used [0x9dd80000,0x9dd80000,0xa6000000)
  from space 14336K, 87% used [0xa6f80000,0xa7bb5160,0xa7d80000)
  to   space 15872K, 0% used [0xa6000000,0xa6000000,0xa6f80000)
 ParOldGen       total 43520K, used 27265K [0x73300000, 0x75d80000, 0x9dd80000)
  object space 43520K, 62% used [0x73300000,0x74da0710,0x75d80000)
 PSPermGen       total 16384K, used 3901K [0x6b300000, 0x6c300000, 0x73300000)
  object space 16384K, 23% used [0x6b300000,0x6b6cf7c0,0x6c300000)
}
Event: 17.601 GC heap before
{Heap before GC invocations=7 (full 0):
 PSYoungGen      total 147968K, used 146132K [0x9dd80000, 0xa8080000, 0xb3300000)
  eden space 133632K, 100% used [0x9dd80000,0xa6000000,0xa6000000)
  from space 14336K, 87% used [0xa6f80000,0xa7bb5160,0xa7d80000)
  to   space 15872K, 0% used [0xa6000000,0xa6000000,0xa6f80000)
 ParOldGen       total 43520K, used 27265K [0x73300000, 0x75d80000, 0x9dd80000)
  object space 43520K, 62% used [0x73300000,0x74da0710,0x75d80000)
 PSPermGen       total 16384K, used 3935K [0x6b300000, 0x6c300000, 0x73300000)
  object space 16384K, 24% used [0x6b300000,0x6b6d7c00,0x6c300000)

Deoptimization events (10 events):
Event: 14.509 Thread 0xb6407800 Uncommon trap: reason=unreached action=reinterpret pc=0xb35425f0 method=com.android.dx.ssa.back.FirstFitLocalCombiningAllocator$1.processInsn(Lcom/android/dx/ssa/SsaInsn;)V @ 34
Event: 15.101 Thread 0xb6407800 Uncommon trap: reason=null_check action=make_not_entrant pc=0xb361e824 method=com.android.dx.dex.file.FieldIdsSection.intern(Lcom/android/dx/rop/cst/CstFieldRef;)Lcom/android/dx/dex/file/FieldIdItem; @ 26
Event: 15.506 Thread 0xb6407800 Uncommon trap: reason=uninitialized action=reinterpret pc=0xb360979c method=com.android.dx.cf.code.BytecodeArray.parseInstruction(ILcom/android/dx/cf/code/BytecodeArray$Visitor;)I @ 1079
Event: 16.573 Thread 0xb6407800 Uncommon trap: reason=class_check action=maybe_recompile pc=0xb348243c method=com.android.dx.ssa.SCCP.simulateBranch(Lcom/android/dx/ssa/SsaInsn;)V @ 145
Event: 16.573 Thread 0xb6407800 Uncommon trap: reason=class_check action=maybe_recompile pc=0xb348243c method=com.android.dx.ssa.SCCP.simulateBranch(Lcom/android/dx/ssa/SsaInsn;)V @ 145
Event: 16.810 Thread 0xb6407800 Uncommon trap: reason=bimorphic action=maybe_recompile pc=0xb3564f84 method=com.android.dx.cf.code.RopperMachine.run(Lcom/android/dx/cf/code/Frame;II)V @ 988
Event: 17.207 Thread 0xb6407800 Uncommon trap: reason=unloaded action=reinterpret pc=0xb35ba4dc method=com.android.dx.cf.code.Ropper.addReturnBlock()V @ 45
Event: 17.207 Thread 0xb6407800 Uncommon trap: reason=unreached action=reinterpret pc=0xb34f23c4 method=com.android.dx.ssa.MoveParamCombiner$1.visitNonMoveInsn(Lcom/android/dx/ssa/NormalSsaInsn;)V @ 27
Event: 17.408 Thread 0xb6407800 Uncommon trap: reason=unloaded action=reinterpret pc=0xb36716bc method=com.android.dx.cf.code.Ropper.addSetupBlocks()V @ 261
Event: 17.452 Thread 0xb6407800 Uncommon trap: reason=bimorphic action=maybe_recompile pc=0xb350d5a8 method=com.android.dx.ssa.LiteralOpUpgrader.tryReplacingWithConstant(Lcom/android/dx/ssa/NormalSsaInsn;)Z @ 62

Internal exceptions (10 events):
Event: 6.323 Thread 0xb6407800 Threw 0x9f945db0 at /build/buildd/openjdk-7-7u65-2.5.1/build/openjdk/hotspot/src/share/vm/prims/jvm.cpp:1247
Event: 6.324 Thread 0xb6407800 Threw 0x9f9490e8 at /build/buildd/openjdk-7-7u65-2.5.1/build/openjdk/hotspot/src/share/vm/prims/jvm.cpp:1247
Event: 6.346 Thread 0xb6407800 Threw 0x9f94efc8 at /build/buildd/openjdk-7-7u65-2.5.1/build/openjdk/hotspot/src/share/vm/prims/jvm.cpp:1247
Event: 6.347 Thread 0xb6407800 Threw 0x9f951ea8 at /build/buildd/openjdk-7-7u65-2.5.1/build/openjdk/hotspot/src/share/vm/prims/jvm.cpp:1247
Event: 11.318 Thread 0xb6407800 Implicit null exception at 0xb3591f98 to 0xb35941e1
Event: 11.535 Thread 0xb6407800 Threw 0x9eb9a290 at /build/buildd/openjdk-7-7u65-2.5.1/build/openjdk/hotspot/src/share/vm/prims/jvm.cpp:1247
Event: 11.591 Thread 0xb6407800 Implicit null exception at 0xb3469aeb to 0xb3469b71
Event: 13.022 Thread 0xb6407800 Implicit null exception at 0xb3558531 to 0xb3558705
Event: 14.493 Thread 0xb6407800 Implicit null exception at 0xb35aabe4 to 0xb35ab35d
Event: 16.756 Thread 0xb6407800 Threw 0xa0fe6528 at /build/buildd/openjdk-7-7u65-2.5.1/build/openjdk/hotspot/src/share/vm/prims/jvm.cpp:1247

Events (10 events):
Event: 17.207 Thread 0xb6407800 Uncommon trap: trap_request=0xffffffad fr.pc=0xb34f23c4
Event: 17.207 Thread 0xb6407800 DEOPT PACKING pc=0xb34f23c4 sp=0xb65c1a10
Event: 17.207 Thread 0xb6407800 DEOPT UNPACKING pc=0xb3413bc8 sp=0xb65c19c4 mode 2
Event: 17.408 Thread 0xb6407800 Uncommon trap: trap_request=0x000000bb fr.pc=0xb36716bc
Event: 17.408 Thread 0xb6407800 DEOPT PACKING pc=0xb36716bc sp=0xb65c1ae0
Event: 17.408 Thread 0xb6407800 DEOPT UNPACKING pc=0xb3413bc8 sp=0xb65c1ad4 mode 2
Event: 17.452 Thread 0xb6407800 Uncommon trap: trap_request=0xffffffc6 fr.pc=0xb350d5a8
Event: 17.452 Thread 0xb6407800 DEOPT PACKING pc=0xb350d5a8 sp=0xb65c19e0
Event: 17.452 Thread 0xb6407800 DEOPT UNPACKING pc=0xb3413bc8 sp=0xb65c1964 mode 2
Event: 17.601 Executing VM operation: ParallelGCFailedAllocation


Dynamic libraries:
08048000-08049000 r-xp 00000000 08:01 2382460    /usr/lib/jvm/java-7-openjdk-i386/jre/bin/java
08049000-0804a000 r--p 00000000 08:01 2382460    /usr/lib/jvm/java-7-openjdk-i386/jre/bin/java
0804a000-0804b000 rw-p 00001000 08:01 2382460    /usr/lib/jvm/java-7-openjdk-i386/jre/bin/java
09c7a000-09d18000 rw-p 00000000 00:00 0          [heap]
65d00000-65ded000 rw-p 00000000 00:00 0 
65ded000-65e00000 ---p 00000000 00:00 0 
65e00000-65e9c000 rw-p 00000000 00:00 0 
65e9c000-65f00000 ---p 00000000 00:00 0 
65f00000-65ffe000 rw-p 00000000 00:00 0 
65ffe000-66000000 ---p 00000000 00:00 0 
66000000-660f0000 rw-p 00000000 00:00 0 
660f0000-66100000 ---p 00000000 00:00 0 
66100000-661bd000 rw-p 00000000 00:00 0 
661bd000-66200000 ---p 00000000 00:00 0 
66200000-662e2000 rw-p 00000000 00:00 0 
662e2000-66300000 ---p 00000000 00:00 0 
66300000-663fe000 rw-p 00000000 00:00 0 
663fe000-66400000 ---p 00000000 00:00 0 
66500000-665f2000 rw-p 00000000 00:00 0 
665f2000-66600000 ---p 00000000 00:00 0 
66700000-667f9000 rw-p 00000000 00:00 0 
667f9000-66800000 ---p 00000000 00:00 0 
66800000-668ff000 rw-p 00000000 00:00 0 
668ff000-66900000 ---p 00000000 00:00 0 
66900000-669fa000 rw-p 00000000 00:00 0 
669fa000-66a00000 ---p 00000000 00:00 0 
66a00000-66af9000 rw-p 00000000 00:00 0 
66af9000-66b00000 ---p 00000000 00:00 0 
66b00000-66bff000 rw-p 00000000 00:00 0 
66bff000-66c00000 ---p 00000000 00:00 0 
66d00000-66df9000 rw-p 00000000 00:00 0 
66df9000-66e00000 ---p 00000000 00:00 0 
66e00000-66eff000 rw-p 00000000 00:00 0 
66eff000-66f00000 ---p 00000000 00:00 0 
66f00000-66fe0000 rw-p 00000000 00:00 0 
66fe0000-67000000 ---p 00000000 00:00 0 
670e3000-6711f000 r-xp 00000000 08:01 2098244    /lib/i386-linux-gnu/libpcre.so.3.13.1
6711f000-67120000 r--p 0003b000 08:01 2098244    /lib/i386-linux-gnu/libpcre.so.3.13.1
67120000-67121000 rw-p 0003c000 08:01 2098244    /lib/i386-linux-gnu/libpcre.so.3.13.1
67121000-6722b000 r-xp 00000000 08:01 2098171    /lib/i386-linux-gnu/libglib-2.0.so.0.4000.0
6722b000-6722c000 r--p 00109000 08:01 2098171    /lib/i386-linux-gnu/libglib-2.0.so.0.4000.0
6722c000-6722d000 rw-p 0010a000 08:01 2098171    /lib/i386-linux-gnu/libglib-2.0.so.0.4000.0
6722d000-6727d000 r-xp 00000000 08:01 2362299    /usr/lib/i386-linux-gnu/libgobject-2.0.so.0.4000.0
6727d000-6727e000 r--p 0004f000 08:01 2362299    /usr/lib/i386-linux-gnu/libgobject-2.0.so.0.4000.0
6727e000-6727f000 rw-p 00050000 08:01 2362299    /usr/lib/i386-linux-gnu/libgobject-2.0.so.0.4000.0
6727f000-673fc000 r-xp 00000000 08:01 2362267    /usr/lib/i386-linux-gnu/libgio-2.0.so.0.4000.0
673fc000-673fe000 r--p 0017c000 08:01 2362267    /usr/lib/i386-linux-gnu/libgio-2.0.so.0.4000.0
673fe000-673ff000 rw-p 0017e000 08:01 2362267    /usr/lib/i386-linux-gnu/libgio-2.0.so.0.4000.0
673ff000-67400000 rw-p 00000000 00:00 0 
67400000-674af000 rw-p 00000000 00:00 0 
674af000-67500000 ---p 00000000 00:00 0 
6752c000-6752d000 ---p 00000000 00:00 0 
6752d000-675ad000 rw-p 00000000 00:00 0          [stack:26355]
675ad000-675b0000 ---p 00000000 00:00 0 
675b0000-675fe000 rw-p 00000000 00:00 0          [stack:26354]
675fe000-67601000 ---p 00000000 00:00 0 
67601000-6767f000 rw-p 00000000 00:00 0          [stack:26353]
6767f000-67682000 ---p 00000000 00:00 0 
67682000-67700000 rw-p 00000000 00:00 0          [stack:26352]
67700000-67900000 r--p 00000000 08:01 2366143    /usr/lib/locale/locale-archive
67900000-67921000 rw-p 00000000 00:00 0 
67921000-67a00000 ---p 00000000 00:00 0 
67a00000-67b00000 rw-p 00000000 00:00 0 
67b0d000-67b10000 ---p 00000000 00:00 0 
67b10000-67b5e000 rw-p 00000000 00:00 0          [stack:26351]
67b5e000-67b61000 ---p 00000000 00:00 0 
67b61000-67baf000 rw-p 00000000 00:00 0          [stack:26340]
67baf000-67bb2000 ---p 00000000 00:00 0 
67bb2000-67c00000 rw-p 00000000 00:00 0          [stack:26338]
67c00000-67cff000 rw-p 00000000 00:00 0 
67cff000-67d00000 ---p 00000000 00:00 0 
67d13000-67d26000 r-xp 00000000 08:01 2098267    /lib/i386-linux-gnu/libresolv-2.19.so
67d26000-67d27000 ---p 00013000 08:01 2098267    /lib/i386-linux-gnu/libresolv-2.19.so
67d27000-67d28000 r--p 00013000 08:01 2098267    /lib/i386-linux-gnu/libresolv-2.19.so
67d28000-67d29000 rw-p 00014000 08:01 2098267    /lib/i386-linux-gnu/libresolv-2.19.so
67d29000-67d2b000 rw-p 00000000 00:00 0 
67d2b000-67d4b000 r-xp 00000000 08:01 2097182    /lib/i386-linux-gnu/libselinux.so.1
67d4b000-67d4c000 r--p 0001f000 08:01 2097182    /lib/i386-linux-gnu/libselinux.so.1
67d4c000-67d4d000 rw-p 00020000 08:01 2097182    /lib/i386-linux-gnu/libselinux.so.1
67d4d000-67d4e000 rw-p 00000000 00:00 0 
67d4e000-67d4f000 ---p 00000000 00:00 0 
67d4f000-67dcf000 rw-p 00000000 00:00 0          [stack:26335]
67dcf000-67f80000 r--s 01d21000 08:01 2382473    /usr/lib/jvm/java-7-openjdk-i386/jre/lib/rt.jar
67f80000-6a800000 rw-p 00000000 00:00 0 
6a800000-6a8fe000 rw-p 00000000 00:00 0 
6a8fe000-6a900000 ---p 00000000 00:00 0 
6a900000-6a905000 r-xp 00000000 08:01 2362180    /usr/lib/i386-linux-gnu/libffi.so.6.0.1
6a905000-6a906000 r--p 00005000 08:01 2362180    /usr/lib/i386-linux-gnu/libffi.so.6.0.1
6a906000-6a907000 rw-p 00006000 08:01 2362180    /usr/lib/i386-linux-gnu/libffi.so.6.0.1
6a91d000-6a934000 r-xp 00000000 08:01 2775412    /usr/lib/jvm/java-7-openjdk-i386/jre/lib/i386/libnet.so
6a934000-6a935000 r--p 00016000 08:01 2775412    /usr/lib/jvm/java-7-openjdk-i386/jre/lib/i386/libnet.so
6a935000-6a936000 rw-p 00017000 08:01 2775412    /usr/lib/jvm/java-7-openjdk-i386/jre/lib/i386/libnet.so
6a936000-6a97f000 rw-p 00000000 00:00 0 
6a97f000-6a980000 ---p 00000000 00:00 0 
6a980000-6aa00000 rw-p 00000000 00:00 0          [stack:26326]
6aa00000-6aa21000 rw-p 00000000 00:00 0 
6aa21000-6ab00000 ---p 00000000 00:00 0 
6ab00000-6ab21000 rw-p 00000000 00:00 0 
6ab21000-6ac00000 ---p 00000000 00:00 0 
6ac00000-6ac24000 r--s 0014b000 08:01 3025092    /home/kris/Dev/fuck/CastHelloText-android/build/intermediates/exploded-aar/com.google.android.gms/play-services/4.2.42/classes.jar
6ac24000-6ac7f000 rw-p 00000000 00:00 0 
6ac7f000-6ac80000 ---p 00000000 00:00 0 
6ac80000-6ad00000 rw-p 00000000 00:00 0          [stack:26325]
6ad00000-6ad21000 rw-p 00000000 00:00 0 
6ad21000-6ae00000 ---p 00000000 00:00 0 
6ae06000-6ae17000 r-xp 00000000 08:01 2775424    /usr/lib/jvm/java-7-openjdk-i386/jre/lib/i386/libnio.so
6ae17000-6ae18000 r--p 00010000 08:01 2775424    /usr/lib/jvm/java-7-openjdk-i386/jre/lib/i386/libnio.so
6ae18000-6ae19000 rw-p 00011000 08:01 2775424    /usr/lib/jvm/java-7-openjdk-i386/jre/lib/i386/libnio.so
6ae19000-6ae27000 r--s 000cf000 08:01 796975     /home/kris/Dev/android-studio/sdk/build-tools/19.1.0/lib/dx.jar
6ae27000-6ae28000 ---p 00000000 00:00 0 
6ae28000-6aea8000 rw-p 00000000 00:00 0          [stack:26324]
6aea8000-6aea9000 ---p 00000000 00:00 0 
6aea9000-6af31000 rw-p 00000000 00:00 0          [stack:26319]
6af31000-6af69000 rw-p 00000000 00:00 0 
6af69000-6af80000 rw-p 00000000 00:00 0 
6af80000-6b0bf000 rw-p 00000000 00:00 0 
6b0bf000-6b0c7000 rw-p 00000000 00:00 0 
6b0c7000-6b0ff000 rw-p 00000000 00:00 0 
6b0ff000-6b116000 rw-p 00000000 00:00 0 
6b116000-6b254000 rw-p 00000000 00:00 0 
6b254000-6b2a6000 rw-p 00000000 00:00 0 
6b2a6000-6b2ff000 rw-p 00000000 00:00 0 
6b2ff000-6c300000 rw-p 00000000 00:00 0 
6c300000-73300000 rw-p 00000000 00:00 0 
73300000-76040000 rw-p 00000000 00:00 0 
76040000-9dd80000 rw-p 00000000 00:00 0 
9dd80000-a8080000 rw-p 00000000 00:00 0 
b1900000-b3300000 rw-p 00000000 00:00 0 
b3304000-b3307000 r-xp 00000000 08:01 2362281    /usr/lib/i386-linux-gnu/libgmodule-2.0.so.0.4000.0
b3307000-b3308000 r--p 00002000 08:01 2362281    /usr/lib/i386-linux-gnu/libgmodule-2.0.so.0.4000.0
b3308000-b3309000 rw-p 00003000 08:01 2362281    /usr/lib/i386-linux-gnu/libgmodule-2.0.so.0.4000.0
b3309000-b330c000 r--s 00032000 08:01 2509224    /usr/lib/jvm/java-7-openjdk-i386/jre/lib/ext/sunjce_provider.jar
b330c000-b3332000 rw-p 00000000 00:00 0 
b3332000-b33e7000 rw-p 00000000 00:00 0 
b33e7000-b367f000 rwxp 00000000 00:00 0 
b367f000-b63e7000 rw-p 00000000 00:00 0 
b63e7000-b63f2000 r-xp 00000000 08:01 2098215    /lib/i386-linux-gnu/libnss_files-2.19.so
b63f2000-b63f3000 r--p 0000a000 08:01 2098215    /lib/i386-linux-gnu/libnss_files-2.19.so
b63f3000-b63f4000 rw-p 0000b000 08:01 2098215    /lib/i386-linux-gnu/libnss_files-2.19.so
b63f4000-b63fe000 r-xp 00000000 08:01 2098226    /lib/i386-linux-gnu/libnss_nis-2.19.so
b63fe000-b63ff000 r--p 00009000 08:01 2098226    /lib/i386-linux-gnu/libnss_nis-2.19.so
b63ff000-b6400000 rw-p 0000a000 08:01 2098226    /lib/i386-linux-gnu/libnss_nis-2.19.so
b6400000-b64ff000 rw-p 00000000 00:00 0 
b64ff000-b6500000 ---p 00000000 00:00 0 
b6500000-b6502000 r--s 00006000 08:01 2627630    /usr/share/java/java-atk-wrapper.jar
b6502000-b6505000 r--s 0003c000 08:01 2509219    /usr/lib/jvm/java-7-openjdk-i386/jre/lib/ext/sunpkcs11.jar
b6505000-b6508000 r--s 0000f000 08:01 2509220    /usr/lib/jvm/java-7-openjdk-i386/jre/lib/ext/pulse-java.jar
b6508000-b651d000 r-xp 00000000 08:01 2098209    /lib/i386-linux-gnu/libnsl-2.19.so
b651d000-b651e000 r--p 00015000 08:01 2098209    /lib/i386-linux-gnu/libnsl-2.19.so
b651e000-b651f000 rw-p 00016000 08:01 2098209    /lib/i386-linux-gnu/libnsl-2.19.so
b651f000-b6521000 rw-p 00000000 00:00 0 
b6521000-b6528000 r-xp 00000000 08:01 2098211    /lib/i386-linux-gnu/libnss_compat-2.19.so
b6528000-b6529000 r--p 00006000 08:01 2098211    /lib/i386-linux-gnu/libnss_compat-2.19.so
b6529000-b652a000 rw-p 00007000 08:01 2098211    /lib/i386-linux-gnu/libnss_compat-2.19.so
b652a000-b652e000 r--s 00085000 08:01 2509221    /usr/lib/jvm/java-7-openjdk-i386/jre/lib/ext/localedata.jar
b652e000-b6536000 r-xp 00000000 08:01 2775409    /usr/lib/jvm/java-7-openjdk-i386/jre/lib/i386/libzip.so
b6536000-b6537000 r--p 00007000 08:01 2775409    /usr/lib/jvm/java-7-openjdk-i386/jre/lib/i386/libzip.so
b6537000-b6538000 rw-p 00008000 08:01 2775409    /usr/lib/jvm/java-7-openjdk-i386/jre/lib/i386/libzip.so
b6538000-b6540000 rw-s 00000000 08:01 2898172    /tmp/hsperfdata_kris/26284
b6540000-b6567000 r-xp 00000000 08:01 2775404    /usr/lib/jvm/java-7-openjdk-i386/jre/lib/i386/libjava.so
b6567000-b6568000 r--p 00026000 08:01 2775404    /usr/lib/jvm/java-7-openjdk-i386/jre/lib/i386/libjava.so
b6568000-b6569000 rw-p 00027000 08:01 2775404    /usr/lib/jvm/java-7-openjdk-i386/jre/lib/i386/libjava.so
b6569000-b6570000 r-xp 00000000 08:01 2098269    /lib/i386-linux-gnu/librt-2.19.so
b6570000-b6571000 r--p 00006000 08:01 2098269    /lib/i386-linux-gnu/librt-2.19.so
b6571000-b6572000 rw-p 00007000 08:01 2098269    /lib/i386-linux-gnu/librt-2.19.so
b6572000-b6575000 ---p 00000000 00:00 0 
b6575000-b65c3000 rw-p 00000000 00:00 0          [stack:26315]
b65c3000-b65df000 r-xp 00000000 08:01 2098167    /lib/i386-linux-gnu/libgcc_s.so.1
b65df000-b65e0000 rw-p 0001b000 08:01 2098167    /lib/i386-linux-gnu/libgcc_s.so.1
b65e0000-b6624000 r-xp 00000000 08:01 2098190    /lib/i386-linux-gnu/libm-2.19.so
b6624000-b6625000 r--p 00043000 08:01 2098190    /lib/i386-linux-gnu/libm-2.19.so
b6625000-b6626000 rw-p 00044000 08:01 2098190    /lib/i386-linux-gnu/libm-2.19.so
b6626000-b6702000 r-xp 00000000 08:01 2362795    /usr/lib/i386-linux-gnu/libstdc++.so.6.0.19
b6702000-b6703000 ---p 000dc000 08:01 2362795    /usr/lib/i386-linux-gnu/libstdc++.so.6.0.19
b6703000-b6707000 r--p 000dc000 08:01 2362795    /usr/lib/i386-linux-gnu/libstdc++.so.6.0.19
b6707000-b6708000 rw-p 000e0000 08:01 2362795    /usr/lib/i386-linux-gnu/libstdc++.so.6.0.19
b6708000-b670f000 rw-p 00000000 00:00 0 
b670f000-b70fa000 r-xp 00000000 08:01 2895969    /usr/lib/jvm/java-7-openjdk-i386/jre/lib/i386/server/libjvm.so
b70fa000-b714c000 r--p 009ea000 08:01 2895969    /usr/lib/jvm/java-7-openjdk-i386/jre/lib/i386/server/libjvm.so
b714c000-b7160000 rw-p 00a3c000 08:01 2895969    /usr/lib/jvm/java-7-openjdk-i386/jre/lib/i386/server/libjvm.so
b7160000-b757e000 rw-p 00000000 00:00 0 
b757e000-b7596000 r-xp 00000000 08:01 2098303    /lib/i386-linux-gnu/libz.so.1.2.8
b7596000-b7597000 r--p 00017000 08:01 2098303    /lib/i386-linux-gnu/libz.so.1.2.8
b7597000-b7598000 rw-p 00018000 08:01 2098303    /lib/i386-linux-gnu/libz.so.1.2.8
b7598000-b75b0000 r-xp 00000000 08:01 2098261    /lib/i386-linux-gnu/libpthread-2.19.so
b75b0000-b75b1000 r--p 00017000 08:01 2098261    /lib/i386-linux-gnu/libpthread-2.19.so
b75b1000-b75b2000 rw-p 00018000 08:01 2098261    /lib/i386-linux-gnu/libpthread-2.19.so
b75b2000-b75b4000 rw-p 00000000 00:00 0 
b75b4000-b75b7000 r-xp 00000000 08:01 2098157    /lib/i386-linux-gnu/libdl-2.19.so
b75b7000-b75b8000 r--p 00002000 08:01 2098157    /lib/i386-linux-gnu/libdl-2.19.so
b75b8000-b75b9000 rw-p 00003000 08:01 2098157    /lib/i386-linux-gnu/libdl-2.19.so
b75b9000-b7762000 r-xp 00000000 08:01 2098140    /lib/i386-linux-gnu/libc-2.19.so
b7762000-b7764000 r--p 001a9000 08:01 2098140    /lib/i386-linux-gnu/libc-2.19.so
b7764000-b7765000 rw-p 001ab000 08:01 2098140    /lib/i386-linux-gnu/libc-2.19.so
b7765000-b7768000 rw-p 00000000 00:00 0 
b7768000-b7769000 r--s 00002000 08:01 2509222    /usr/lib/jvm/java-7-openjdk-i386/jre/lib/ext/dnsns.jar
b7769000-b776b000 r--s 00012000 08:01 2509223    /usr/lib/jvm/java-7-openjdk-i386/jre/lib/ext/zipfs.jar
b776b000-b776c000 r--p 00855000 08:01 2366143    /usr/lib/locale/locale-archive
b776c000-b776d000 rw-p 00000000 00:00 0 
b776d000-b776e000 ---p 00000000 00:00 0 
b776e000-b777c000 r-xp 00000000 08:01 2775425    /usr/lib/jvm/java-7-openjdk-i386/jre/lib/i386/libverify.so
b777c000-b777d000 r--p 0000d000 08:01 2775425    /usr/lib/jvm/java-7-openjdk-i386/jre/lib/i386/libverify.so
b777d000-b777e000 rw-p 0000e000 08:01 2775425    /usr/lib/jvm/java-7-openjdk-i386/jre/lib/i386/libverify.so
b777e000-b778a000 r-xp 00000000 08:01 3023905    /usr/lib/jvm/java-7-openjdk-i386/jre/lib/i386/jli/libjli.so
b778a000-b778b000 r--p 0000c000 08:01 3023905    /usr/lib/jvm/java-7-openjdk-i386/jre/lib/i386/jli/libjli.so
b778b000-b778c000 rw-p 0000d000 08:01 3023905    /usr/lib/jvm/java-7-openjdk-i386/jre/lib/i386/jli/libjli.so
b778c000-b778f000 rw-p 00000000 00:00 0 
b778f000-b7790000 r-xp 00000000 00:00 0          [vdso]
b7790000-b77b0000 r-xp 00000000 08:01 2098116    /lib/i386-linux-gnu/ld-2.19.so
b77b0000-b77b1000 r--p 0001f000 08:01 2098116    /lib/i386-linux-gnu/ld-2.19.so
b77b1000-b77b2000 rw-p 00020000 08:01 2098116    /lib/i386-linux-gnu/ld-2.19.so
bf9db000-bf9dc000 rwxp 00000000 00:00 0 
bfa0e000-bfa2f000 rw-p 00000000 00:00 0          [stack]

VM Arguments:
jvm_args: -Xmx1024M 
java_command: /home/kris/Dev/android-studio/sdk/build-tools/19.1.0/lib/dx.jar --dex --output /home/kris/Dev/fuck/CastHelloText-android/build/intermediates/pre-dexed/debug/classes-5c2404a994b818782caa925a7573da5cd66a87a3.jar /home/kris/Dev/fuck/CastHelloText-android/build/intermediates/exploded-aar/com.google.android.gms/play-services/4.2.42/classes.jar
Launcher Type: SUN_STANDARD

Environment Variables:
CLASSPATH=./../lib/bootstrap.jar:./../lib/extensions.jar:./../lib/util.jar:./../lib/jdom.jar:./../lib/log4j.jar:./../lib/trove4j.jar:./../lib/jna.jar:/usr/lib/jvm/java-7-openjdk-i386/lib/tools.jar
PATH=/usr/local/sbin:/usr/local/bin:/usr/sbin:/usr/bin:/sbin:/bin:/usr/games:/usr/local/games
USERNAME=kris
LD_LIBRARY_PATH=.:
SHELL=/bin/bash
DISPLAY=:0

Signal Handlers:
SIGSEGV: [libjvm.so+0x80a170], sa_mask[0]=0x7ffbfeff, sa_flags=0x10000004
SIGBUS: [libjvm.so+0x80a170], sa_mask[0]=0x7ffbfeff, sa_flags=0x10000004
SIGFPE: [libjvm.so+0x683f60], sa_mask[0]=0x7ffbfeff, sa_flags=0x10000004
SIGPIPE: [libjvm.so+0x683f60], sa_mask[0]=0x7ffbfeff, sa_flags=0x10000004
SIGXFSZ: [libjvm.so+0x683f60], sa_mask[0]=0x7ffbfeff, sa_flags=0x10000004
SIGILL: [libjvm.so+0x683f60], sa_mask[0]=0x7ffbfeff, sa_flags=0x10000004
SIGUSR1: SIG_DFL, sa_mask[0]=0x00000000, sa_flags=0x00000000
SIGUSR2: [libjvm.so+0x683df0], sa_mask[0]=0x00000004, sa_flags=0x10000004
SIGHUP: [libjvm.so+0x684020], sa_mask[0]=0x7ffbfeff, sa_flags=0x10000004
SIGINT: [libjvm.so+0x684020], sa_mask[0]=0x7ffbfeff, sa_flags=0x10000004
SIGTERM: [libjvm.so+0x684020], sa_mask[0]=0x7ffbfeff, sa_flags=0x10000004
SIGQUIT: [libjvm.so+0x684020], sa_mask[0]=0x7ffbfeff, sa_flags=0x10000004
SIGTRAP: SIG_DFL, sa_mask[0]=0x00000000, sa_flags=0x00000000


---------------  S Y S T E M  ---------------

OS:Ubuntu 14.04 (trusty)
uname:Linux 3.13.0-30-generic #55-Ubuntu SMP Fri Jul 4 21:43:42 UTC 2014 i686
libc:glibc 2.19 NPTL 2.19 
rlimit: STACK 8192k, CORE 0k, NPROC 44071, NOFILE 4096, AS infinity
load average:3.93 1.57 0.99

/proc/meminfo:
MemTotal:        5660308 kB
MemFree:          342520 kB
Buffers:           18852 kB
Cached:           156540 kB
SwapCached:            0 kB
Active:          4324116 kB
Inactive:         104612 kB
Active(anon):    4255288 kB
Inactive(anon):    41736 kB
Active(file):      68828 kB
Inactive(file):    62876 kB
Unevictable:           0 kB
Mlocked:               0 kB
HighTotal:       4833484 kB
HighFree:          74304 kB
LowTotal:         826824 kB
LowFree:          268216 kB
SwapTotal:             0 kB
SwapFree:              0 kB
Dirty:              2916 kB
Writeback:             0 kB
AnonPages:       4253408 kB
Mapped:           750704 kB
Shmem:             43640 kB
Slab:              57200 kB
SReclaimable:      31676 kB
SUnreclaim:        25524 kB
KernelStack:        6080 kB
PageTables:        26864 kB
NFS_Unstable:          0 kB
Bounce:              108 kB
WritebackTmp:          0 kB
CommitLimit:     2830152 kB
Committed_AS:    8828764 kB
VmallocTotal:     122880 kB
VmallocUsed:       26492 kB
VmallocChunk:      29316 kB
HardwareCorrupted:     0 kB
AnonHugePages:   2117632 kB
HugePages_Total:       0
HugePages_Free:        0
HugePages_Rsvd:        0
HugePages_Surp:        0
Hugepagesize:       2048 kB
DirectMap4k:       38904 kB
DirectMap2M:      874496 kB


CPU:total 4 (4 cores per cpu, 1 threads per core) family 18 model 1 stepping 0, cmov, cx8, fxsr, mmx, sse, sse2, sse3, popcnt, mmxext, 3dnowpref, lzcnt, sse4a, tsc, tscinvbit, tscinv

/proc/cpuinfo:
processor	: 0
vendor_id	: AuthenticAMD
cpu family	: 18
model		: 1
model name	: AMD A6-3430MX APU with Radeon(tm) HD Graphics
stepping	: 0
microcode	: 0x3000025
cpu MHz		: 1500.000
cache size	: 1024 KB
physical id	: 0
siblings	: 4
core id		: 0
cpu cores	: 4
apicid		: 0
initial apicid	: 0
fdiv_bug	: no
f00f_bug	: no
coma_bug	: no
fpu		: yes
fpu_exception	: yes
cpuid level	: 6
wp		: yes
flags		: fpu vme de pse tsc msr pae mce cx8 apic sep mtrr pge mca cmov pat pse36 clflush mmx fxsr sse sse2 ht syscall nx mmxext fxsr_opt pdpe1gb rdtscp lm 3dnowext 3dnow constant_tsc nonstop_tsc extd_apicid aperfmperf pni monitor cx16 popcnt lahf_lm cmp_legacy svm extapic cr8_legacy abm sse4a misalignsse 3dnowprefetch osvw ibs skinit wdt arat cpb hw_pstate npt lbrv svm_lock nrip_save pausefilter
bogomips	: 3393.78
clflush size	: 64
cache_alignment	: 64
address sizes	: 40 bits physical, 48 bits virtual
power management: ts ttp tm stc 100mhzsteps hwpstate cpb

processor	: 1
vendor_id	: AuthenticAMD
cpu family	: 18
model		: 1
model name	: AMD A6-3430MX APU with Radeon(tm) HD Graphics
stepping	: 0
microcode	: 0x3000025
cpu MHz		: 1500.000
cache size	: 1024 KB
physical id	: 0
siblings	: 4
core id		: 1
cpu cores	: 4
apicid		: 1
initial apicid	: 1
fdiv_bug	: no
f00f_bug	: no
coma_bug	: no
fpu		: yes
fpu_exception	: yes
cpuid level	: 6
wp		: yes
flags		: fpu vme de pse tsc msr pae mce cx8 apic sep mtrr pge mca cmov pat pse36 clflush mmx fxsr sse sse2 ht syscall nx mmxext fxsr_opt pdpe1gb rdtscp lm 3dnowext 3dnow constant_tsc nonstop_tsc extd_apicid aperfmperf pni monitor cx16 popcnt lahf_lm cmp_legacy svm extapic cr8_legacy abm sse4a misalignsse 3dnowprefetch osvw ibs skinit wdt arat cpb hw_pstate npt lbrv svm_lock nrip_save pausefilter
bogomips	: 3393.78
clflush size	: 64
cache_alignment	: 64
address sizes	: 40 bits physical, 48 bits virtual
power management: ts ttp tm stc 100mhzsteps hwpstate cpb

processor	: 2
vendor_id	: AuthenticAMD
cpu family	: 18
model		: 1
model name	: AMD A6-3430MX APU with Radeon(tm) HD Graphics
stepping	: 0
microcode	: 0x3000025
cpu MHz		: 1700.000
cache size	: 1024 KB
physical id	: 0
siblings	: 4
core id		: 2
cpu cores	: 4
apicid		: 2
initial apicid	: 2
fdiv_bug	: no
f00f_bug	: no
coma_bug	: no
fpu		: yes
fpu_exception	: yes
cpuid level	: 6
wp		: yes
flags		: fpu vme de pse tsc msr pae mce cx8 apic sep mtrr pge mca cmov pat pse36 clflush mmx fxsr sse sse2 ht syscall nx mmxext fxsr_opt pdpe1gb rdtscp lm 3dnowext 3dnow constant_tsc nonstop_tsc extd_apicid aperfmperf pni monitor cx16 popcnt lahf_lm cmp_legacy svm extapic cr8_legacy abm sse4a misalignsse 3dnowprefetch osvw ibs skinit wdt arat cpb hw_pstate npt lbrv svm_lock nrip_save pausefilter
bogomips	: 3393.78
clflush size	: 64
cache_alignment	: 64
address sizes	: 40 bits physical, 48 bits virtual
power management: ts ttp tm stc 100mhzsteps hwpstate cpb

processor	: 3
vendor_id	: AuthenticAMD
cpu family	: 18
model		: 1
model name	: AMD A6-3430MX APU with Radeon(tm) HD Graphics
stepping	: 0
microcode	: 0x3000025
cpu MHz		: 1700.000
cache size	: 1024 KB
physical id	: 0
siblings	: 4
core id		: 3
cpu cores	: 4
apicid		: 3
initial apicid	: 3
fdiv_bug	: no
f00f_bug	: no
coma_bug	: no
fpu		: yes
fpu_exception	: yes
cpuid level	: 6
wp		: yes
flags		: fpu vme de pse tsc msr pae mce cx8 apic sep mtrr pge mca cmov pat pse36 clflush mmx fxsr sse sse2 ht syscall nx mmxext fxsr_opt pdpe1gb rdtscp lm 3dnowext 3dnow constant_tsc nonstop_tsc extd_apicid aperfmperf pni monitor cx16 popcnt lahf_lm cmp_legacy svm extapic cr8_legacy abm sse4a misalignsse 3dnowprefetch osvw ibs skinit wdt arat cpb hw_pstate npt lbrv svm_lock nrip_save pausefilter
bogomips	: 3393.78
clflush size	: 64
cache_alignment	: 64
address sizes	: 40 bits physical, 48 bits virtual
power management: ts ttp tm stc 100mhzsteps hwpstate cpb



Memory: 4k page, physical 5660308k(342520k free), swap 0k(0k free)

vm_info: OpenJDK Server VM (24.65-b04) for linux-x86 JRE (1.7.0_65-b32), built on Aug  1 2014 21:59:10 by "buildd" with gcc 4.8.2

time: Sat Aug 23 15:24:06 2014
elapsed time: 17 seconds

