#
# There is insufficient memory for the Java Runtime Environment to continue.
# Native memory allocation (malloc) failed to allocate 91750400 bytes for committing reserved memory.
# Possible reasons:
#   The system is out of physical RAM or swap space
#   In 32 bit mode, the process size limit was hit
# Possible solutions:
#   Reduce memory load on the system
#   Increase physical memory or swap space
#   Check if swap backing store is full
#   Use 64 bit Java on a 64 bit OS
#   Decrease Java heap size (-Xmx/-Xms)
#   Decrease number of Java threads
#   Decrease Java thread stack sizes (-Xss)
#   Set larger code cache with -XX:ReservedCodeCacheSize=
# This output file may be truncated or incomplete.
#
#  Out of Memory Error (os_linux.cpp:2798), pid=28016, tid=1742531392
#
# JRE version: OpenJDK Runtime Environment (7.0_65-b32) (build 1.7.0_65-b32)
# Java VM: OpenJDK Server VM (24.65-b04 mixed mode linux-x86 )
# Failed to write core dump. Core dumps have been disabled. To enable core dumping, try "ulimit -c unlimited" before starting Java again
#

---------------  T H R E A D  ---------------

Current thread (0x67c81000):  VMThread [stack: 0x67d4e000,0x67dcf000] [id=28077]

Stack: [0x67d4e000,0x67dcf000]
VM_Operation (0xb6603978): ParallelGCFailedAllocation, mode: safepoint, requested by thread 0xb6407800


---------------  P R O C E S S  ---------------

Java Threads: ( => current thread )
  0x67c9c800 JavaThread "Service Thread" daemon [_thread_blocked, id=28098, stack(0x6760b000,0x6765c000)]
  0x67c9ac00 JavaThread "C2 CompilerThread1" daemon [_thread_in_native, id=28097, stack(0x6765c000,0x676dd000)]
  0x67c98c00 JavaThread "C2 CompilerThread0" daemon [_thread_blocked, id=28096, stack(0x676dd000,0x6775e000)]
  0x67c97000 JavaThread "Signal Dispatcher" daemon [_thread_blocked, id=28095, stack(0x6775e000,0x677af000)]
  0x67c85400 JavaThread "Finalizer" daemon [_thread_blocked, id=28079, stack(0x679af000,0x67a00000)]
  0x67c83c00 JavaThread "Reference Handler" daemon [_thread_blocked, id=28078, stack(0x6a92e000,0x6a97f000)]
  0xb6407800 JavaThread "main" [_thread_blocked, id=28054, stack(0xb65b4000,0xb6605000)]

Other Threads:
=>0x67c81000 VMThread [stack: 0x67d4e000,0x67dcf000] [id=28077]
  0x67c9e400 WatcherThread [stack: 0x6758a000,0x6760b000] [id=28099]

VM state:at safepoint (normal execution)

VM Mutex/Monitor currently owned by a thread:  ([mutex/lock_event])
[0xb64050d0] Threads_lock - owner thread: 0x67c81000
[0xb64054e0] Heap_lock - owner thread: 0xb6407800

Heap
 PSYoungGen      total 70144K, used 2558K [0x9ddc0000, 0xa24c0000, 0xb3340000)
  eden space 67584K, 0% used [0x9ddc0000,0x9ddc0000,0xa1fc0000)
  from space 2560K, 99% used [0xa1fc0000,0xa223f870,0xa2240000)
  to   space 2560K, 0% used [0xa2240000,0xa2240000,0xa24c0000)
 ParOldGen       total 43520K, used 25117K [0x73340000, 0x75dc0000, 0x9ddc0000)
  object space 43520K, 57% used [0x73340000,0x74bc76a0,0x75dc0000)
 PSPermGen       total 16384K, used 3882K [0x6b340000, 0x6c340000, 0x73340000)
  object space 16384K, 23% used [0x6b340000,0x6b70aa28,0x6c340000)

Card table byte_map: [0x6b0ff000,0x6b340000] byte_map_base: 0x6ada5600

Polling page: 0xb77af000

Code Cache  [0xb3400000, 0xb3640000, 0xb6400000)
 total_blobs=629 nmethods=510 adapters=73 free_code_cache=47379Kb largest_free_block=48495744

Compilation events (10 events):
Event: 11.785 Thread 0x67c98c00 nmethod 519 0xb35b6308 code [0xb35b63e0, 0xb35b6430]
Event: 11.785 Thread 0x67c98c00  520             com.android.dx.cf.code.Merger::mergeLocals (122 bytes)
Event: 11.799 Thread 0x67c98c00 nmethod 520 0xb35b7d48 code [0xb35b7f20, 0xb35b8534]
Event: 11.799 Thread 0x67c98c00  521             com.android.dx.cf.code.Merger::mergeType (142 bytes)
Event: 11.805 Thread 0x67c98c00 nmethod 521 0xb35bf9c8 code [0xb35bfb40, 0xb35bfeb8]
Event: 11.805 Thread 0x67c98c00  522             com.android.dx.rop.cst.CstLiteral32::equals (35 bytes)
Event: 11.806 Thread 0x67c98c00 nmethod 522 0xb35b7b08 code [0xb35b7c00, 0xb35b7c90]
Event: 11.806 Thread 0x67c98c00  523             com.android.dx.rop.code.LocalItem::compareTo (9 bytes)
Event: 11.809 Thread 0x67c98c00 nmethod 523 0xb35b5c88 code [0xb35b5da0, 0xb35b5fd0]
Event: 11.809 Thread 0x67c98c00  524             com.android.dx.ssa.SCCP::simulatePhi (169 bytes)

GC Heap History (9 events):
Event: 1.807 GC heap before
{Heap before GC invocations=1 (full 0):
 PSYoungGen      total 19456K, used 16896K [0x9ddc0000, 0x9f340000, 0xb3340000)
  eden space 16896K, 100% used [0x9ddc0000,0x9ee40000,0x9ee40000)
  from space 2560K, 0% used [0x9f0c0000,0x9f0c0000,0x9f340000)
  to   space 2560K, 0% used [0x9ee40000,0x9ee40000,0x9f0c0000)
 ParOldGen       total 43520K, used 0K [0x73340000, 0x75dc0000, 0x9ddc0000)
  object space 43520K, 0% used [0x73340000,0x73340000,0x75dc0000)
 PSPermGen       total 16384K, used 3705K [0x6b340000, 0x6c340000, 0x73340000)
  object space 16384K, 22% used [0x6b340000,0x6b6de4b0,0x6c340000)
Event: 1.898 GC heap after
Heap after GC invocations=1 (full 0):
 PSYoungGen      total 19456K, used 2548K [0x9ddc0000, 0xa03c0000, 0xb3340000)
  eden space 16896K, 0% used [0x9ddc0000,0x9ddc0000,0x9ee40000)
  from space 2560K, 99% used [0x9ee40000,0x9f0bd1c0,0x9f0c0000)
  to   space 2560K, 0% used [0xa0140000,0xa0140000,0xa03c0000)
 ParOldGen       total 43520K, used 1424K [0x73340000, 0x75dc0000, 0x9ddc0000)
  object space 43520K, 3% used [0x73340000,0x734a41e8,0x75dc0000)
 PSPermGen       total 16384K, used 3705K [0x6b340000, 0x6c340000, 0x73340000)
  object space 16384K, 22% used [0x6b340000,0x6b6de4b0,0x6c340000)
}
Event: 3.699 GC heap before
{Heap before GC invocations=2 (full 0):
 PSYoungGen      total 19456K, used 19444K [0x9ddc0000, 0xa03c0000, 0xb3340000)
  eden space 16896K, 100% used [0x9ddc0000,0x9ee40000,0x9ee40000)
  from space 2560K, 99% used [0x9ee40000,0x9f0bd1c0,0x9f0c0000)
  to   space 2560K, 0% used [0xa0140000,0xa0140000,0xa03c0000)
 ParOldGen       total 43520K, used 1424K [0x73340000, 0x75dc0000, 0x9ddc0000)
  object space 43520K, 3% used [0x73340000,0x734a41e8,0x75dc0000)
 PSPermGen       total 16384K, used 3784K [0x6b340000, 0x6c340000, 0x73340000)
  object space 16384K, 23% used [0x6b340000,0x6b6f2000,0x6c340000)
Event: 3.762 GC heap after
Heap after GC invocations=2 (full 0):
 PSYoungGen      total 36352K, used 2553K [0x9ddc0000, 0xa03c0000, 0xb3340000)
  eden space 33792K, 0% used [0x9ddc0000,0x9ddc0000,0x9fec0000)
  from space 2560K, 99% used [0xa0140000,0xa03be5d8,0xa03c0000)
  to   space 2560K, 0% used [0x9fec0000,0x9fec0000,0xa0140000)
 ParOldGen       total 43520K, used 4051K [0x73340000, 0x75dc0000, 0x9ddc0000)
  object space 43520K, 9% used [0x73340000,0x73734da0,0x75dc0000)
 PSPermGen       total 16384K, used 3784K [0x6b340000, 0x6c340000, 0x73340000)
  object space 16384K, 23% used [0x6b340000,0x6b6f2000,0x6c340000)
}
Event: 6.921 GC heap before
{Heap before GC invocations=3 (full 0):
 PSYoungGen      total 36352K, used 36345K [0x9ddc0000, 0xa03c0000, 0xb3340000)
  eden space 33792K, 100% used [0x9ddc0000,0x9fec0000,0x9fec0000)
  from space 2560K, 99% used [0xa0140000,0xa03be5d8,0xa03c0000)
  to   space 2560K, 0% used [0x9fec0000,0x9fec0000,0xa0140000)
 ParOldGen       total 43520K, used 4051K [0x73340000, 0x75dc0000, 0x9ddc0000)
  object space 43520K, 9% used [0x73340000,0x73734da0,0x75dc0000)
 PSPermGen       total 16384K, used 3838K [0x6b340000, 0x6c340000, 0x73340000)
  object space 16384K, 23% used [0x6b340000,0x6b6ff950,0x6c340000)
Event: 6.968 GC heap after
Heap after GC invocations=3 (full 0):
 PSYoungGen      total 36352K, used 2556K [0x9ddc0000, 0xa24c0000, 0xb3340000)
  eden space 33792K, 0% used [0x9ddc0000,0x9ddc0000,0x9fec0000)
  from space 2560K, 99% used [0x9fec0000,0xa013f3e0,0xa0140000)
  to   space 2560K, 0% used [0xa2240000,0xa2240000,0xa24c0000)
 ParOldGen       total 43520K, used 9189K [0x73340000, 0x75dc0000, 0x9ddc0000)
  object space 43520K, 21% used [0x73340000,0x73c39530,0x75dc0000)
 PSPermGen       total 16384K, used 3838K [0x6b340000, 0x6c340000, 0x73340000)
  object space 16384K, 23% used [0x6b340000,0x6b6ff950,0x6c340000)
}
Event: 9.124 GC heap before
{Heap before GC invocations=4 (full 0):
 PSYoungGen      total 36352K, used 36348K [0x9ddc0000, 0xa24c0000, 0xb3340000)
  eden space 33792K, 100% used [0x9ddc0000,0x9fec0000,0x9fec0000)
  from space 2560K, 99% used [0x9fec0000,0xa013f3e0,0xa0140000)
  to   space 2560K, 0% used [0xa2240000,0xa2240000,0xa24c0000)
 ParOldGen       total 43520K, used 9189K [0x73340000, 0x75dc0000, 0x9ddc0000)
  object space 43520K, 21% used [0x73340000,0x73c39530,0x75dc0000)
 PSPermGen       total 16384K, used 3858K [0x6b340000, 0x6c340000, 0x73340000)
  object space 16384K, 23% used [0x6b340000,0x6b704a90,0x6c340000)
Event: 9.180 GC heap after
Heap after GC invocations=4 (full 0):
 PSYoungGen      total 70144K, used 2553K [0x9ddc0000, 0xa24c0000, 0xb3340000)
  eden space 67584K, 0% used [0x9ddc0000,0x9ddc0000,0xa1fc0000)
  from space 2560K, 99% used [0xa2240000,0xa24be580,0xa24c0000)
  to   space 2560K, 0% used [0xa1fc0000,0xa1fc0000,0xa2240000)
 ParOldGen       total 43520K, used 14543K [0x73340000, 0x75dc0000, 0x9ddc0000)
  object space 43520K, 33% used [0x73340000,0x74173e20,0x75dc0000)
 PSPermGen       total 16384K, used 3858K [0x6b340000, 0x6c340000, 0x73340000)
  object space 16384K, 23% used [0x6b340000,0x6b704a90,0x6c340000)
}
Event: 11.819 GC heap before
{Heap before GC invocations=5 (full 0):
 PSYoungGen      total 70144K, used 70137K [0x9ddc0000, 0xa24c0000, 0xb3340000)
  eden space 67584K, 100% used [0x9ddc0000,0xa1fc0000,0xa1fc0000)
  from space 2560K, 99% used [0xa2240000,0xa24be580,0xa24c0000)
  to   space 2560K, 0% used [0xa1fc0000,0xa1fc0000,0xa2240000)
 ParOldGen       total 43520K, used 14543K [0x73340000, 0x75dc0000, 0x9ddc0000)
  object space 43520K, 33% used [0x73340000,0x74173e20,0x75dc0000)
 PSPermGen       total 16384K, used 3882K [0x6b340000, 0x6c340000, 0x73340000)
  object space 16384K, 23% used [0x6b340000,0x6b70aa28,0x6c340000)

Deoptimization events (10 events):
Event: 6.731 Thread 0xb6407800 Uncommon trap: reason=bimorphic action=maybe_recompile pc=0xb35171b8 method=com.android.dx.cf.code.BytecodeArray.parseInstruction(ILcom/android/dx/cf/code/BytecodeArray$Visitor;)I @ 923
Event: 6.731 Thread 0xb6407800 Uncommon trap: reason=bimorphic action=maybe_recompile pc=0xb35171b8 method=com.android.dx.cf.code.BytecodeArray.parseInstruction(ILcom/android/dx/cf/code/BytecodeArray$Visitor;)I @ 923
Event: 6.731 Thread 0xb6407800 Uncommon trap: reason=class_check action=maybe_recompile pc=0xb34e07d4 method=com.android.dx.cf.code.Ropper.processBlock(Lcom/android/dx/cf/code/ByteBlock;Lcom/android/dx/cf/code/Frame;[I)V @ 781
Event: 9.463 Thread 0xb6407800 Uncommon trap: reason=bimorphic action=maybe_recompile pc=0xb3528924 method=com.android.dx.ssa.LiteralOpUpgrader.tryReplacingWithConstant(Lcom/android/dx/ssa/NormalSsaInsn;)Z @ 62
Event: 10.772 Thread 0xb6407800 Uncommon trap: reason=class_check action=maybe_recompile pc=0xb34e07d4 method=com.android.dx.cf.code.Ropper.processBlock(Lcom/android/dx/cf/code/ByteBlock;Lcom/android/dx/cf/code/Frame;[I)V @ 781
Event: 10.776 Thread 0xb6407800 Uncommon trap: reason=unreached action=reinterpret pc=0xb346e9c4 method=com.android.dx.ssa.MoveParamCombiner$1.visitNonMoveInsn(Lcom/android/dx/ssa/NormalSsaInsn;)V @ 27
Event: 10.972 Thread 0xb6407800 Uncommon trap: reason=class_check action=maybe_recompile pc=0xb34e07d4 method=com.android.dx.cf.code.Ropper.processBlock(Lcom/android/dx/cf/code/ByteBlock;Lcom/android/dx/cf/code/Frame;[I)V @ 781
Event: 11.168 Thread 0xb6407800 Uncommon trap: reason=null_check action=make_not_entrant pc=0xb3516400 method=com.android.dx.dex.file.FieldIdsSection.intern(Lcom/android/dx/rop/cst/CstFieldRef;)Lcom/android/dx/dex/file/FieldIdItem; @ 26
Event: 11.302 Thread 0xb6407800 Uncommon trap: reason=class_check action=maybe_recompile pc=0xb358decc method=com.android.dx.cf.code.RopperMachine.run(Lcom/android/dx/cf/code/Frame;II)V @ 1024
Event: 11.450 Thread 0xb6407800 Uncommon trap: reason=unloaded action=reinterpret pc=0xb356a5ac method=com.android.dx.cf.cst.ConstantPoolParser.parse0(ILjava/util/BitSet;)Lcom/android/dx/rop/cst/Constant; @ 220

Internal exceptions (10 events):
Event: 3.564 Thread 0xb6407800 Implicit null exception at 0xb34ad403 to 0xb34adccd
Event: 3.840 Thread 0xb6407800 Threw 0x9de8a690 at /build/buildd/openjdk-7-7u65-2.5.1/build/openjdk/hotspot/src/share/vm/prims/jvm.cpp:1247
Event: 3.862 Thread 0xb6407800 Threw 0x9dea5030 at /build/buildd/openjdk-7-7u65-2.5.1/build/openjdk/hotspot/src/share/vm/prims/jvm.cpp:1247
Event: 3.893 Thread 0xb6407800 Implicit null exception at 0xb34bb464 to 0xb34bbcc1
Event: 4.956 Thread 0xb6407800 Threw 0x9e89ce90 at /build/buildd/openjdk-7-7u65-2.5.1/build/openjdk/hotspot/src/share/vm/prims/jvm.cpp:1247
Event: 4.972 Thread 0xb6407800 Threw 0x9e8a71e0 at /build/buildd/openjdk-7-7u65-2.5.1/build/openjdk/hotspot/src/share/vm/prims/jvm.cpp:1247
Event: 4.973 Thread 0xb6407800 Threw 0x9e8a9bc0 at /build/buildd/openjdk-7-7u65-2.5.1/build/openjdk/hotspot/src/share/vm/prims/jvm.cpp:1247
Event: 5.710 Thread 0xb6407800 Implicit null exception at 0xb34ec66a to 0xb34ecc3d
Event: 8.391 Thread 0xb6407800 Threw 0x9f13fb08 at /build/buildd/openjdk-7-7u65-2.5.1/build/openjdk/hotspot/src/share/vm/prims/jvm.cpp:1247
Event: 11.456 Thread 0xb6407800 Threw 0xa11ba230 at /build/buildd/openjdk-7-7u65-2.5.1/build/openjdk/hotspot/src/share/vm/prims/jvm.cpp:1247

Events (10 events):
Event: 11.168 Thread 0xb6407800 DEOPT UNPACKING pc=0xb342cbc8 sp=0xb6603c28 mode 2
Event: 11.302 Thread 0xb6407800 Uncommon trap: trap_request=0xffffffde fr.pc=0xb358decc
Event: 11.302 Thread 0xb6407800 DEOPT PACKING pc=0xb358decc sp=0xb66039d0
Event: 11.302 Thread 0xb6407800 DEOPT UNPACKING pc=0xb342cbc8 sp=0xb66039ac mode 2
Event: 11.450 Thread 0xb6407800 Uncommon trap: trap_request=0x000000c9 fr.pc=0xb356a5ac
Event: 11.450 Thread 0xb6407800 DEOPT PACKING pc=0xb356a5ac sp=0xb6603b60
Event: 11.450 Thread 0xb6407800 DEOPT UNPACKING pc=0xb342cbc8 sp=0xb6603b58 mode 2
Event: 11.456 loading class 0x67402448
Event: 11.456 loading class 0x67402448 done
Event: 11.819 Executing VM operation: ParallelGCFailedAllocation


Dynamic libraries:
08048000-08049000 r-xp 00000000 08:01 2382460    /usr/lib/jvm/java-7-openjdk-i386/jre/bin/java
08049000-0804a000 r--p 00000000 08:01 2382460    /usr/lib/jvm/java-7-openjdk-i386/jre/bin/java
0804a000-0804b000 rw-p 00001000 08:01 2382460    /usr/lib/jvm/java-7-openjdk-i386/jre/bin/java
09fb7000-09fda000 rw-p 00000000 00:00 0          [heap]
65f00000-65fc9000 rw-p 00000000 00:00 0 
65fc9000-66000000 ---p 00000000 00:00 0 
66000000-66076000 rw-p 00000000 00:00 0 
66076000-66100000 ---p 00000000 00:00 0 
66100000-661fb000 rw-p 00000000 00:00 0 
661fb000-66200000 ---p 00000000 00:00 0 
66200000-662e1000 rw-p 00000000 00:00 0 
662e1000-66300000 ---p 00000000 00:00 0 
66400000-664d9000 rw-p 00000000 00:00 0 
664d9000-66500000 ---p 00000000 00:00 0 
66600000-666de000 rw-p 00000000 00:00 0 
666de000-66700000 ---p 00000000 00:00 0 
66800000-668f3000 rw-p 00000000 00:00 0 
668f3000-66900000 ---p 00000000 00:00 0 
66900000-669fb000 rw-p 00000000 00:00 0 
669fb000-66a00000 ---p 00000000 00:00 0 
66a00000-66b00000 rw-p 00000000 00:00 0 
66b00000-66bfe000 rw-p 00000000 00:00 0 
66bfe000-66c00000 ---p 00000000 00:00 0 
66c00000-66cfb000 rw-p 00000000 00:00 0 
66cfb000-66d00000 ---p 00000000 00:00 0 
66d63000-66e00000 rw-p 00000000 00:00 0 
66e00000-66ed1000 rw-p 00000000 00:00 0 
66ed1000-66f00000 ---p 00000000 00:00 0 
66f00000-66ffd000 rw-p 00000000 00:00 0 
66ffd000-67000000 ---p 00000000 00:00 0 
67000000-670d2000 rw-p 00000000 00:00 0 
670d2000-67100000 ---p 00000000 00:00 0 
67135000-67171000 r-xp 00000000 08:01 2098244    /lib/i386-linux-gnu/libpcre.so.3.13.1
67171000-67172000 r--p 0003b000 08:01 2098244    /lib/i386-linux-gnu/libpcre.so.3.13.1
67172000-67173000 rw-p 0003c000 08:01 2098244    /lib/i386-linux-gnu/libpcre.so.3.13.1
67173000-6727d000 r-xp 00000000 08:01 2098171    /lib/i386-linux-gnu/libglib-2.0.so.0.4000.0
6727d000-6727e000 r--p 00109000 08:01 2098171    /lib/i386-linux-gnu/libglib-2.0.so.0.4000.0
6727e000-6727f000 rw-p 0010a000 08:01 2098171    /lib/i386-linux-gnu/libglib-2.0.so.0.4000.0
6727f000-673fc000 r-xp 00000000 08:01 2362267    /usr/lib/i386-linux-gnu/libgio-2.0.so.0.4000.0
673fc000-673fe000 r--p 0017c000 08:01 2362267    /usr/lib/i386-linux-gnu/libgio-2.0.so.0.4000.0
673fe000-673ff000 rw-p 0017e000 08:01 2362267    /usr/lib/i386-linux-gnu/libgio-2.0.so.0.4000.0
673ff000-67400000 rw-p 00000000 00:00 0 
67400000-674be000 rw-p 00000000 00:00 0 
674be000-67500000 ---p 00000000 00:00 0 
67520000-67533000 r-xp 00000000 08:01 2098267    /lib/i386-linux-gnu/libresolv-2.19.so
67533000-67534000 ---p 00013000 08:01 2098267    /lib/i386-linux-gnu/libresolv-2.19.so
67534000-67535000 r--p 00013000 08:01 2098267    /lib/i386-linux-gnu/libresolv-2.19.so
67535000-67536000 rw-p 00014000 08:01 2098267    /lib/i386-linux-gnu/libresolv-2.19.so
67536000-67538000 rw-p 00000000 00:00 0 
67538000-67588000 r-xp 00000000 08:01 2362299    /usr/lib/i386-linux-gnu/libgobject-2.0.so.0.4000.0
67588000-67589000 r--p 0004f000 08:01 2362299    /usr/lib/i386-linux-gnu/libgobject-2.0.so.0.4000.0
67589000-6758a000 rw-p 00050000 08:01 2362299    /usr/lib/i386-linux-gnu/libgobject-2.0.so.0.4000.0
6758a000-6758b000 ---p 00000000 00:00 0 
6758b000-6760b000 rw-p 00000000 00:00 0          [stack:28099]
6760b000-6760e000 ---p 00000000 00:00 0 
6760e000-6765c000 rw-p 00000000 00:00 0          [stack:28098]
6765c000-6765f000 ---p 00000000 00:00 0 
6765f000-676dd000 rw-p 00000000 00:00 0          [stack:28097]
676dd000-676e0000 ---p 00000000 00:00 0 
676e0000-6775e000 rw-p 00000000 00:00 0          [stack:28096]
6775e000-67761000 ---p 00000000 00:00 0 
67761000-677af000 rw-p 00000000 00:00 0          [stack:28095]
677af000-679af000 r--p 00000000 08:01 2366143    /usr/lib/locale/locale-archive
679af000-679b2000 ---p 00000000 00:00 0 
679b2000-67a00000 rw-p 00000000 00:00 0          [stack:28079]
67a00000-67afd000 rw-p 00000000 00:00 0 
67afd000-67b00000 ---p 00000000 00:00 0 
67b00000-67b21000 rw-p 00000000 00:00 0 
67b21000-67c00000 ---p 00000000 00:00 0 
67c00000-67cff000 rw-p 00000000 00:00 0 
67cff000-67d00000 ---p 00000000 00:00 0 
67d15000-67d35000 r-xp 00000000 08:01 2097182    /lib/i386-linux-gnu/libselinux.so.1
67d35000-67d36000 r--p 0001f000 08:01 2097182    /lib/i386-linux-gnu/libselinux.so.1
67d36000-67d37000 rw-p 00020000 08:01 2097182    /lib/i386-linux-gnu/libselinux.so.1
67d37000-67d38000 rw-p 00000000 00:00 0 
67d4e000-67d4f000 ---p 00000000 00:00 0 
67d4f000-67dcf000 rw-p 00000000 00:00 0          [stack:28077]
67dcf000-67f80000 r--s 01d21000 08:01 2382473    /usr/lib/jvm/java-7-openjdk-i386/jre/lib/rt.jar
67f80000-6a800000 rw-p 00000000 00:00 0 
6a800000-6a8fe000 rw-p 00000000 00:00 0 
6a8fe000-6a900000 ---p 00000000 00:00 0 
6a915000-6a92c000 r-xp 00000000 08:01 2775412    /usr/lib/jvm/java-7-openjdk-i386/jre/lib/i386/libnet.so
6a92c000-6a92d000 r--p 00016000 08:01 2775412    /usr/lib/jvm/java-7-openjdk-i386/jre/lib/i386/libnet.so
6a92d000-6a92e000 rw-p 00017000 08:01 2775412    /usr/lib/jvm/java-7-openjdk-i386/jre/lib/i386/libnet.so
6a92e000-6a931000 ---p 00000000 00:00 0 
6a931000-6a97f000 rw-p 00000000 00:00 0          [stack:28078]
6a97f000-6a980000 ---p 00000000 00:00 0 
6a980000-6aa00000 rw-p 00000000 00:00 0          [stack:28067]
6aa00000-6aa21000 rw-p 00000000 00:00 0 
6aa21000-6ab00000 ---p 00000000 00:00 0 
6ab00000-6ab21000 rw-p 00000000 00:00 0 
6ab21000-6ac00000 ---p 00000000 00:00 0 
6ac15000-6ac26000 r-xp 00000000 08:01 2775424    /usr/lib/jvm/java-7-openjdk-i386/jre/lib/i386/libnio.so
6ac26000-6ac27000 r--p 00010000 08:01 2775424    /usr/lib/jvm/java-7-openjdk-i386/jre/lib/i386/libnio.so
6ac27000-6ac28000 rw-p 00011000 08:01 2775424    /usr/lib/jvm/java-7-openjdk-i386/jre/lib/i386/libnio.so
6ac28000-6ac36000 r--s 000cf000 08:01 796975     /home/kris/Dev/android-studio/sdk/build-tools/19.1.0/lib/dx.jar
6ac36000-6ac7f000 rw-p 00000000 00:00 0 
6ac7f000-6ac80000 ---p 00000000 00:00 0 
6ac80000-6ad00000 rw-p 00000000 00:00 0          [stack:28066]
6ad00000-6ad21000 rw-p 00000000 00:00 0 
6ad21000-6ae00000 ---p 00000000 00:00 0 
6ae00000-6ae05000 r-xp 00000000 08:01 2362180    /usr/lib/i386-linux-gnu/libffi.so.6.0.1
6ae05000-6ae06000 r--p 00005000 08:01 2362180    /usr/lib/i386-linux-gnu/libffi.so.6.0.1
6ae06000-6ae07000 rw-p 00006000 08:01 2362180    /usr/lib/i386-linux-gnu/libffi.so.6.0.1
6ae07000-6ae0a000 r-xp 00000000 08:01 2362281    /usr/lib/i386-linux-gnu/libgmodule-2.0.so.0.4000.0
6ae0a000-6ae0b000 r--p 00002000 08:01 2362281    /usr/lib/i386-linux-gnu/libgmodule-2.0.so.0.4000.0
6ae0b000-6ae0c000 rw-p 00003000 08:01 2362281    /usr/lib/i386-linux-gnu/libgmodule-2.0.so.0.4000.0
6ae0c000-6ae67000 rw-p 00000000 00:00 0 
6ae67000-6ae68000 ---p 00000000 00:00 0 
6ae68000-6aee8000 rw-p 00000000 00:00 0          [stack:28065]
6aee8000-6aee9000 ---p 00000000 00:00 0 
6aee9000-6af71000 rw-p 00000000 00:00 0          [stack:28064]
6af71000-6afa9000 rw-p 00000000 00:00 0 
6afa9000-6afbf000 rw-p 00000000 00:00 0 
6afbf000-6b0ff000 rw-p 00000000 00:00 0 
6b0ff000-6b107000 rw-p 00000000 00:00 0 
6b107000-6b13f000 rw-p 00000000 00:00 0 
6b13f000-6b155000 rw-p 00000000 00:00 0 
6b155000-6b294000 rw-p 00000000 00:00 0 
6b294000-6b2b8000 rw-p 00000000 00:00 0 
6b2b8000-6b33f000 rw-p 00000000 00:00 0 
6b33f000-6c340000 rw-p 00000000 00:00 0 
6c340000-73340000 rw-p 00000000 00:00 0 
73340000-75dc0000 rw-p 00000000 00:00 0 
75dc0000-9ddc0000 rw-p 00000000 00:00 0 
9ddc0000-a24c0000 rw-p 00000000 00:00 0 
a7c40000-b3340000 rw-p 00000000 00:00 0 
b3340000-b3349000 rw-p 00000000 00:00 0 
b3349000-b3400000 rw-p 00000000 00:00 0 
b3400000-b3640000 rwxp 00000000 00:00 0 
b3640000-b64ff000 rw-p 00000000 00:00 0 
b64ff000-b6500000 ---p 00000000 00:00 0 
b6504000-b650b000 r--s 00050000 08:01 3024836    /home/kris/Dev/fuck/CastHelloText-android/build/intermediates/exploded-aar/com.android.support/appcompat-v7/19.0.1/classes.jar
b650b000-b650e000 r--s 00032000 08:01 2509224    /usr/lib/jvm/java-7-openjdk-i386/jre/lib/ext/sunjce_provider.jar
b650e000-b6510000 r--s 00006000 08:01 2627630    /usr/share/java/java-atk-wrapper.jar
b6510000-b6513000 r--s 0003c000 08:01 2509219    /usr/lib/jvm/java-7-openjdk-i386/jre/lib/ext/sunpkcs11.jar
b6513000-b6516000 r--s 0000f000 08:01 2509220    /usr/lib/jvm/java-7-openjdk-i386/jre/lib/ext/pulse-java.jar
b6516000-b6531000 rw-p 00000000 00:00 0 
b6531000-b653c000 r-xp 00000000 08:01 2098215    /lib/i386-linux-gnu/libnss_files-2.19.so
b653c000-b653d000 r--p 0000a000 08:01 2098215    /lib/i386-linux-gnu/libnss_files-2.19.so
b653d000-b653e000 rw-p 0000b000 08:01 2098215    /lib/i386-linux-gnu/libnss_files-2.19.so
b653e000-b6548000 r-xp 00000000 08:01 2098226    /lib/i386-linux-gnu/libnss_nis-2.19.so
b6548000-b6549000 r--p 00009000 08:01 2098226    /lib/i386-linux-gnu/libnss_nis-2.19.so
b6549000-b654a000 rw-p 0000a000 08:01 2098226    /lib/i386-linux-gnu/libnss_nis-2.19.so
b654a000-b655f000 r-xp 00000000 08:01 2098209    /lib/i386-linux-gnu/libnsl-2.19.so
b655f000-b6560000 r--p 00015000 08:01 2098209    /lib/i386-linux-gnu/libnsl-2.19.so
b6560000-b6561000 rw-p 00016000 08:01 2098209    /lib/i386-linux-gnu/libnsl-2.19.so
b6561000-b6563000 rw-p 00000000 00:00 0 
b6563000-b656a000 r-xp 00000000 08:01 2098211    /lib/i386-linux-gnu/libnss_compat-2.19.so
b656a000-b656b000 r--p 00006000 08:01 2098211    /lib/i386-linux-gnu/libnss_compat-2.19.so
b656b000-b656c000 rw-p 00007000 08:01 2098211    /lib/i386-linux-gnu/libnss_compat-2.19.so
b656c000-b6570000 r--s 00085000 08:01 2509221    /usr/lib/jvm/java-7-openjdk-i386/jre/lib/ext/localedata.jar
b6570000-b6578000 r-xp 00000000 08:01 2775409    /usr/lib/jvm/java-7-openjdk-i386/jre/lib/i386/libzip.so
b6578000-b6579000 r--p 00007000 08:01 2775409    /usr/lib/jvm/java-7-openjdk-i386/jre/lib/i386/libzip.so
b6579000-b657a000 rw-p 00008000 08:01 2775409    /usr/lib/jvm/java-7-openjdk-i386/jre/lib/i386/libzip.so
b657a000-b6582000 rw-s 00000000 08:01 2898184    /tmp/hsperfdata_kris/28016
b6582000-b65a9000 r-xp 00000000 08:01 2775404    /usr/lib/jvm/java-7-openjdk-i386/jre/lib/i386/libjava.so
b65a9000-b65aa000 r--p 00026000 08:01 2775404    /usr/lib/jvm/java-7-openjdk-i386/jre/lib/i386/libjava.so
b65aa000-b65ab000 rw-p 00027000 08:01 2775404    /usr/lib/jvm/java-7-openjdk-i386/jre/lib/i386/libjava.so
b65ab000-b65b2000 r-xp 00000000 08:01 2098269    /lib/i386-linux-gnu/librt-2.19.so
b65b2000-b65b3000 r--p 00006000 08:01 2098269    /lib/i386-linux-gnu/librt-2.19.so
b65b3000-b65b4000 rw-p 00007000 08:01 2098269    /lib/i386-linux-gnu/librt-2.19.so
b65b4000-b65b7000 ---p 00000000 00:00 0 
b65b7000-b6605000 rw-p 00000000 00:00 0          [stack:28054]
b6605000-b6621000 r-xp 00000000 08:01 2098167    /lib/i386-linux-gnu/libgcc_s.so.1
b6621000-b6622000 rw-p 0001b000 08:01 2098167    /lib/i386-linux-gnu/libgcc_s.so.1
b6622000-b6666000 r-xp 00000000 08:01 2098190    /lib/i386-linux-gnu/libm-2.19.so
b6666000-b6667000 r--p 00043000 08:01 2098190    /lib/i386-linux-gnu/libm-2.19.so
b6667000-b6668000 rw-p 00044000 08:01 2098190    /lib/i386-linux-gnu/libm-2.19.so
b6668000-b6744000 r-xp 00000000 08:01 2362795    /usr/lib/i386-linux-gnu/libstdc++.so.6.0.19
b6744000-b6745000 ---p 000dc000 08:01 2362795    /usr/lib/i386-linux-gnu/libstdc++.so.6.0.19
b6745000-b6749000 r--p 000dc000 08:01 2362795    /usr/lib/i386-linux-gnu/libstdc++.so.6.0.19
b6749000-b674a000 rw-p 000e0000 08:01 2362795    /usr/lib/i386-linux-gnu/libstdc++.so.6.0.19
b674a000-b6751000 rw-p 00000000 00:00 0 
b6751000-b713c000 r-xp 00000000 08:01 2895969    /usr/lib/jvm/java-7-openjdk-i386/jre/lib/i386/server/libjvm.so
b713c000-b718e000 r--p 009ea000 08:01 2895969    /usr/lib/jvm/java-7-openjdk-i386/jre/lib/i386/server/libjvm.so
b718e000-b71a2000 rw-p 00a3c000 08:01 2895969    /usr/lib/jvm/java-7-openjdk-i386/jre/lib/i386/server/libjvm.so
b71a2000-b75c0000 rw-p 00000000 00:00 0 
b75c0000-b75d8000 r-xp 00000000 08:01 2098303    /lib/i386-linux-gnu/libz.so.1.2.8
b75d8000-b75d9000 r--p 00017000 08:01 2098303    /lib/i386-linux-gnu/libz.so.1.2.8
b75d9000-b75da000 rw-p 00018000 08:01 2098303    /lib/i386-linux-gnu/libz.so.1.2.8
b75da000-b75f2000 r-xp 00000000 08:01 2098261    /lib/i386-linux-gnu/libpthread-2.19.so
b75f2000-b75f3000 r--p 00017000 08:01 2098261    /lib/i386-linux-gnu/libpthread-2.19.so
b75f3000-b75f4000 rw-p 00018000 08:01 2098261    /lib/i386-linux-gnu/libpthread-2.19.so
b75f4000-b75f6000 rw-p 00000000 00:00 0 
b75f6000-b75f9000 r-xp 00000000 08:01 2098157    /lib/i386-linux-gnu/libdl-2.19.so
b75f9000-b75fa000 r--p 00002000 08:01 2098157    /lib/i386-linux-gnu/libdl-2.19.so
b75fa000-b75fb000 rw-p 00003000 08:01 2098157    /lib/i386-linux-gnu/libdl-2.19.so
b75fb000-b77a4000 r-xp 00000000 08:01 2098140    /lib/i386-linux-gnu/libc-2.19.so
b77a4000-b77a6000 r--p 001a9000 08:01 2098140    /lib/i386-linux-gnu/libc-2.19.so
b77a6000-b77a7000 rw-p 001ab000 08:01 2098140    /lib/i386-linux-gnu/libc-2.19.so
b77a7000-b77aa000 rw-p 00000000 00:00 0 
b77aa000-b77ab000 r--s 00002000 08:01 2509222    /usr/lib/jvm/java-7-openjdk-i386/jre/lib/ext/dnsns.jar
b77ab000-b77ad000 r--s 00012000 08:01 2509223    /usr/lib/jvm/java-7-openjdk-i386/jre/lib/ext/zipfs.jar
b77ad000-b77ae000 r--p 00855000 08:01 2366143    /usr/lib/locale/locale-archive
b77ae000-b77af000 rw-p 00000000 00:00 0 
b77af000-b77b0000 ---p 00000000 00:00 0 
b77b0000-b77be000 r-xp 00000000 08:01 2775425    /usr/lib/jvm/java-7-openjdk-i386/jre/lib/i386/libverify.so
b77be000-b77bf000 r--p 0000d000 08:01 2775425    /usr/lib/jvm/java-7-openjdk-i386/jre/lib/i386/libverify.so
b77bf000-b77c0000 rw-p 0000e000 08:01 2775425    /usr/lib/jvm/java-7-openjdk-i386/jre/lib/i386/libverify.so
b77c0000-b77cc000 r-xp 00000000 08:01 3023905    /usr/lib/jvm/java-7-openjdk-i386/jre/lib/i386/jli/libjli.so
b77cc000-b77cd000 r--p 0000c000 08:01 3023905    /usr/lib/jvm/java-7-openjdk-i386/jre/lib/i386/jli/libjli.so
b77cd000-b77ce000 rw-p 0000d000 08:01 3023905    /usr/lib/jvm/java-7-openjdk-i386/jre/lib/i386/jli/libjli.so
b77ce000-b77d1000 rw-p 00000000 00:00 0 
b77d1000-b77d2000 r-xp 00000000 00:00 0          [vdso]
b77d2000-b77f2000 r-xp 00000000 08:01 2098116    /lib/i386-linux-gnu/ld-2.19.so
b77f2000-b77f3000 r--p 0001f000 08:01 2098116    /lib/i386-linux-gnu/ld-2.19.so
b77f3000-b77f4000 rw-p 00020000 08:01 2098116    /lib/i386-linux-gnu/ld-2.19.so
bfd44000-bfd45000 rwxp 00000000 00:00 0 
bfd77000-bfd98000 rw-p 00000000 00:00 0          [stack]

VM Arguments:
jvm_args: -Xmx1024M 
java_command: /home/kris/Dev/android-studio/sdk/build-tools/19.1.0/lib/dx.jar --dex --output /home/kris/Dev/fuck/CastHelloText-android/build/intermediates/pre-dexed/debug/classes-79e5d840ed10b80f292826a7560279f5c8a7dbf4.jar /home/kris/Dev/fuck/CastHelloText-android/build/intermediates/exploded-aar/com.android.support/appcompat-v7/19.0.1/classes.jar
Launcher Type: SUN_STANDARD

Environment Variables:
CLASSPATH=./../lib/bootstrap.jar:./../lib/extensions.jar:./../lib/util.jar:./../lib/jdom.jar:./../lib/log4j.jar:./../lib/trove4j.jar:./../lib/jna.jar:/usr/lib/jvm/java-7-openjdk-i386/lib/tools.jar
PATH=/usr/local/sbin:/usr/local/bin:/usr/sbin:/usr/bin:/sbin:/bin:/usr/games:/usr/local/games
USERNAME=kris
LD_LIBRARY_PATH=.:
SHELL=/bin/bash
DISPLAY=:0

Signal Handlers:
SIGSEGV: [libjvm.so+0x80a170], sa_mask[0]=0x7ffbfeff, sa_flags=0x10000004
SIGBUS: [libjvm.so+0x80a170], sa_mask[0]=0x7ffbfeff, sa_flags=0x10000004
SIGFPE: [libjvm.so+0x683f60], sa_mask[0]=0x7ffbfeff, sa_flags=0x10000004
SIGPIPE: [libjvm.so+0x683f60], sa_mask[0]=0x7ffbfeff, sa_flags=0x10000004
SIGXFSZ: [libjvm.so+0x683f60], sa_mask[0]=0x7ffbfeff, sa_flags=0x10000004
SIGILL: [libjvm.so+0x683f60], sa_mask[0]=0x7ffbfeff, sa_flags=0x10000004
SIGUSR1: SIG_DFL, sa_mask[0]=0x00000000, sa_flags=0x00000000
SIGUSR2: [libjvm.so+0x683df0], sa_mask[0]=0x00000004, sa_flags=0x10000004
SIGHUP: [libjvm.so+0x684020], sa_mask[0]=0x7ffbfeff, sa_flags=0x10000004
SIGINT: [libjvm.so+0x684020], sa_mask[0]=0x7ffbfeff, sa_flags=0x10000004
SIGTERM: [libjvm.so+0x684020], sa_mask[0]=0x7ffbfeff, sa_flags=0x10000004
SIGQUIT: [libjvm.so+0x684020], sa_mask[0]=0x7ffbfeff, sa_flags=0x10000004
SIGTRAP: SIG_DFL, sa_mask[0]=0x00000000, sa_flags=0x00000000


---------------  S Y S T E M  ---------------

OS:Ubuntu 14.04 (trusty)
uname:Linux 3.13.0-30-generic #55-Ubuntu SMP Fri Jul 4 21:43:42 UTC 2014 i686
libc:glibc 2.19 NPTL 2.19 
rlimit: STACK 8192k, CORE 0k, NPROC 44071, NOFILE 4096, AS infinity
load average:3.12 1.72 1.09

/proc/meminfo:
MemTotal:        5660308 kB
MemFree:          368964 kB
Buffers:            8040 kB
Cached:            79620 kB
SwapCached:            0 kB
Active:          4343504 kB
Inactive:          64092 kB
Active(anon):    4322332 kB
Inactive(anon):    41744 kB
Active(file):      21172 kB
Inactive(file):    22348 kB
Unevictable:           0 kB
Mlocked:               0 kB
HighTotal:       4833484 kB
HighFree:         120556 kB
LowTotal:         826824 kB
LowFree:          248408 kB
SwapTotal:             0 kB
SwapFree:              0 kB
Dirty:               296 kB
Writeback:             0 kB
AnonPages:       4320456 kB
Mapped:           705988 kB
Shmem:             43656 kB
Slab:              49712 kB
SReclaimable:      24564 kB
SUnreclaim:        25148 kB
KernelStack:        6080 kB
PageTables:        27164 kB
NFS_Unstable:          0 kB
Bounce:                0 kB
WritebackTmp:          0 kB
CommitLimit:     2830152 kB
Committed_AS:    9069132 kB
VmallocTotal:     122880 kB
VmallocUsed:       26492 kB
VmallocChunk:      29316 kB
HardwareCorrupted:     0 kB
AnonHugePages:   2207744 kB
HugePages_Total:       0
HugePages_Free:        0
HugePages_Rsvd:        0
HugePages_Surp:        0
Hugepagesize:       2048 kB
DirectMap4k:       38904 kB
DirectMap2M:      874496 kB


CPU:total 4 (4 cores per cpu, 1 threads per core) family 18 model 1 stepping 0, cmov, cx8, fxsr, mmx, sse, sse2, sse3, popcnt, mmxext, 3dnowpref, lzcnt, sse4a, tsc, tscinvbit, tscinv

/proc/cpuinfo:
processor	: 0
vendor_id	: AuthenticAMD
cpu family	: 18
model		: 1
model name	: AMD A6-3430MX APU with Radeon(tm) HD Graphics
stepping	: 0
microcode	: 0x3000025
cpu MHz		: 1700.000
cache size	: 1024 KB
physical id	: 0
siblings	: 4
core id		: 0
cpu cores	: 4
apicid		: 0
initial apicid	: 0
fdiv_bug	: no
f00f_bug	: no
coma_bug	: no
fpu		: yes
fpu_exception	: yes
cpuid level	: 6
wp		: yes
flags		: fpu vme de pse tsc msr pae mce cx8 apic sep mtrr pge mca cmov pat pse36 clflush mmx fxsr sse sse2 ht syscall nx mmxext fxsr_opt pdpe1gb rdtscp lm 3dnowext 3dnow constant_tsc nonstop_tsc extd_apicid aperfmperf pni monitor cx16 popcnt lahf_lm cmp_legacy svm extapic cr8_legacy abm sse4a misalignsse 3dnowprefetch osvw ibs skinit wdt arat cpb hw_pstate npt lbrv svm_lock nrip_save pausefilter
bogomips	: 3393.78
clflush size	: 64
cache_alignment	: 64
address sizes	: 40 bits physical, 48 bits virtual
power management: ts ttp tm stc 100mhzsteps hwpstate cpb

processor	: 1
vendor_id	: AuthenticAMD
cpu family	: 18
model		: 1
model name	: AMD A6-3430MX APU with Radeon(tm) HD Graphics
stepping	: 0
microcode	: 0x3000025
cpu MHz		: 1700.000
cache size	: 1024 KB
physical id	: 0
siblings	: 4
core id		: 1
cpu cores	: 4
apicid		: 1
initial apicid	: 1
fdiv_bug	: no
f00f_bug	: no
coma_bug	: no
fpu		: yes
fpu_exception	: yes
cpuid level	: 6
wp		: yes
flags		: fpu vme de pse tsc msr pae mce cx8 apic sep mtrr pge mca cmov pat pse36 clflush mmx fxsr sse sse2 ht syscall nx mmxext fxsr_opt pdpe1gb rdtscp lm 3dnowext 3dnow constant_tsc nonstop_tsc extd_apicid aperfmperf pni monitor cx16 popcnt lahf_lm cmp_legacy svm extapic cr8_legacy abm sse4a misalignsse 3dnowprefetch osvw ibs skinit wdt arat cpb hw_pstate npt lbrv svm_lock nrip_save pausefilter
bogomips	: 3393.78
clflush size	: 64
cache_alignment	: 64
address sizes	: 40 bits physical, 48 bits virtual
power management: ts ttp tm stc 100mhzsteps hwpstate cpb

processor	: 2
vendor_id	: AuthenticAMD
cpu family	: 18
model		: 1
model name	: AMD A6-3430MX APU with Radeon(tm) HD Graphics
stepping	: 0
microcode	: 0x3000025
cpu MHz		: 1700.000
cache size	: 1024 KB
physical id	: 0
siblings	: 4
core id		: 2
cpu cores	: 4
apicid		: 2
initial apicid	: 2
fdiv_bug	: no
f00f_bug	: no
coma_bug	: no
fpu		: yes
fpu_exception	: yes
cpuid level	: 6
wp		: yes
flags		: fpu vme de pse tsc msr pae mce cx8 apic sep mtrr pge mca cmov pat pse36 clflush mmx fxsr sse sse2 ht syscall nx mmxext fxsr_opt pdpe1gb rdtscp lm 3dnowext 3dnow constant_tsc nonstop_tsc extd_apicid aperfmperf pni monitor cx16 popcnt lahf_lm cmp_legacy svm extapic cr8_legacy abm sse4a misalignsse 3dnowprefetch osvw ibs skinit wdt arat cpb hw_pstate npt lbrv svm_lock nrip_save pausefilter
bogomips	: 3393.78
clflush size	: 64
cache_alignment	: 64
address sizes	: 40 bits physical, 48 bits virtual
power management: ts ttp tm stc 100mhzsteps hwpstate cpb

processor	: 3
vendor_id	: AuthenticAMD
cpu family	: 18
model		: 1
model name	: AMD A6-3430MX APU with Radeon(tm) HD Graphics
stepping	: 0
microcode	: 0x3000025
cpu MHz		: 1700.000
cache size	: 1024 KB
physical id	: 0
siblings	: 4
core id		: 3
cpu cores	: 4
apicid		: 3
initial apicid	: 3
fdiv_bug	: no
f00f_bug	: no
coma_bug	: no
fpu		: yes
fpu_exception	: yes
cpuid level	: 6
wp		: yes
flags		: fpu vme de pse tsc msr pae mce cx8 apic sep mtrr pge mca cmov pat pse36 clflush mmx fxsr sse sse2 ht syscall nx mmxext fxsr_opt pdpe1gb rdtscp lm 3dnowext 3dnow constant_tsc nonstop_tsc extd_apicid aperfmperf pni monitor cx16 popcnt lahf_lm cmp_legacy svm extapic cr8_legacy abm sse4a misalignsse 3dnowprefetch osvw ibs skinit wdt arat cpb hw_pstate npt lbrv svm_lock nrip_save pausefilter
bogomips	: 3393.78
clflush size	: 64
cache_alignment	: 64
address sizes	: 40 bits physical, 48 bits virtual
power management: ts ttp tm stc 100mhzsteps hwpstate cpb



Memory: 4k page, physical 5660308k(368964k free), swap 0k(0k free)

vm_info: OpenJDK Server VM (24.65-b04) for linux-x86 JRE (1.7.0_65-b32), built on Aug  1 2014 21:59:10 by "buildd" with gcc 4.8.2

time: Sat Aug 23 15:26:08 2014
elapsed time: 11 seconds

